[2025-04-13T23:35:53.367+0800] {local_task_job_runner.py:123} INFO - ::group::Pre task execution logs
[2025-04-13T23:35:53.374+0800] {taskinstance.py:2614} INFO - Dependencies all met for dep_context=non-requeueable deps ti=<TaskInstance: visitor_labels_etl_pipeline.transform_visitor_data manual__2025-04-13T15:35:48.780751+00:00 [queued]>
[2025-04-13T23:35:53.378+0800] {taskinstance.py:2614} INFO - Dependencies all met for dep_context=requeueable deps ti=<TaskInstance: visitor_labels_etl_pipeline.transform_visitor_data manual__2025-04-13T15:35:48.780751+00:00 [queued]>
[2025-04-13T23:35:53.379+0800] {taskinstance.py:2867} INFO - Starting attempt 1 of 2
[2025-04-13T23:35:53.393+0800] {taskinstance.py:2890} INFO - Executing <Task(PythonOperator): transform_visitor_data> on 2025-04-13 15:35:48.780751+00:00
[2025-04-13T23:35:53.395+0800] {standard_task_runner.py:72} INFO - Started process 91357 to run task
[2025-04-13T23:35:53.397+0800] {standard_task_runner.py:104} INFO - Running: ['airflow', 'tasks', 'run', 'visitor_labels_etl_pipeline', 'transform_visitor_data', 'manual__2025-04-13T15:35:48.780751+00:00', '--job-id', '52', '--raw', '--subdir', 'DAGS_FOLDER/labels_dag.py', '--cfg-path', '/tmp/tmpbxrp1jlx']
[2025-04-13T23:35:53.398+0800] {standard_task_runner.py:105} INFO - Job 52: Subtask transform_visitor_data
[2025-04-13T23:35:53.424+0800] {task_command.py:467} INFO - Running <TaskInstance: visitor_labels_etl_pipeline.transform_visitor_data manual__2025-04-13T15:35:48.780751+00:00 [running]> on host Conglaptop.
[2025-04-13T23:35:53.468+0800] {taskinstance.py:3134} INFO - Exporting env vars: AIRFLOW_CTX_DAG_OWNER='airflow' AIRFLOW_CTX_DAG_ID='visitor_labels_etl_pipeline' AIRFLOW_CTX_TASK_ID='transform_visitor_data' AIRFLOW_CTX_EXECUTION_DATE='2025-04-13T15:35:48.780751+00:00' AIRFLOW_CTX_TRY_NUMBER='1' AIRFLOW_CTX_DAG_RUN_ID='manual__2025-04-13T15:35:48.780751+00:00'
[2025-04-13T23:35:53.469+0800] {logging_mixin.py:190} INFO - Task instance is in running state
[2025-04-13T23:35:53.469+0800] {logging_mixin.py:190} INFO -  Previous state of the Task instance: queued
[2025-04-13T23:35:53.469+0800] {logging_mixin.py:190} INFO - Current task name:transform_visitor_data state:running start_date:2025-04-13 15:35:53.375201+00:00
[2025-04-13T23:35:53.469+0800] {logging_mixin.py:190} INFO - Dag name:visitor_labels_etl_pipeline and current dag run status:running
[2025-04-13T23:35:53.469+0800] {taskinstance.py:732} INFO - ::endgroup::
[2025-04-13T23:35:53.471+0800] {logging_mixin.py:190} INFO - Transforming 10 visitor records
[2025-04-13T23:35:53.472+0800] {logging_mixin.py:190} INFO - Transformed 10 visitor records
[2025-04-13T23:35:53.472+0800] {python.py:240} INFO - Done. Returned value was: [{"country": "Thailand", "month_year": "2025-03", "value": 3300000.0}, {"country": "Singapore", "month_year": "2025-03", "value": 1743500.0}, {"country": "Malaysia", "month_year": "2025-03", "value": 2400000.0}, {"country": "Indonesia", "month_year": "2025-03", "value": 1150000.0}, {"country": "Vietnam", "month_year": "2025-03", "value": 1750000.0}, {"country": "Philippines", "month_year": "2025-03", "value": 530000.0}, {"country": "Cambodia", "month_year": "2025-03", "value": 635000.0}, {"country": "Laos", "month_year": "2025-03", "value": 470000.0}, {"country": "Myanmar", "month_year": "2025-03", "value": 124000.0}, {"country": "Brunei", "month_year": "2025-03", "value": 63578.0}]
[2025-04-13T23:35:53.484+0800] {taskinstance.py:341} INFO - ::group::Post task execution logs
[2025-04-13T23:35:53.484+0800] {taskinstance.py:353} INFO - Marking task as SUCCESS. dag_id=visitor_labels_etl_pipeline, task_id=transform_visitor_data, run_id=manual__2025-04-13T15:35:48.780751+00:00, execution_date=20250413T153548, start_date=20250413T153553, end_date=20250413T153553
[2025-04-13T23:35:53.500+0800] {logging_mixin.py:190} INFO - Task instance in success state
[2025-04-13T23:35:53.501+0800] {logging_mixin.py:190} INFO -  Previous state of the Task instance: running
[2025-04-13T23:35:53.501+0800] {logging_mixin.py:190} INFO - Dag name:visitor_labels_etl_pipeline queued_at:2025-04-13 15:35:48.786712+00:00
[2025-04-13T23:35:53.501+0800] {logging_mixin.py:190} INFO - Task hostname:Conglaptop. operator:PythonOperator
[2025-04-13T23:35:53.530+0800] {local_task_job_runner.py:266} INFO - Task exited with return code 0
[2025-04-13T23:35:53.541+0800] {taskinstance.py:3901} INFO - 1 downstream tasks scheduled from follow-on schedule check
[2025-04-13T23:35:53.548+0800] {local_task_job_runner.py:245} INFO - ::endgroup::
