[2025-04-13T23:25:18.058+0800] {local_task_job_runner.py:123} INFO - ::group::Pre task execution logs
[2025-04-13T23:25:18.065+0800] {taskinstance.py:2614} INFO - Dependencies all met for dep_context=non-requeueable deps ti=<TaskInstance: visitor_labels_etl_pipeline.load_to_mongodb manual__2025-04-13T15:25:08.765015+00:00 [queued]>
[2025-04-13T23:25:18.069+0800] {taskinstance.py:2614} INFO - Dependencies all met for dep_context=requeueable deps ti=<TaskInstance: visitor_labels_etl_pipeline.load_to_mongodb manual__2025-04-13T15:25:08.765015+00:00 [queued]>
[2025-04-13T23:25:18.069+0800] {taskinstance.py:2867} INFO - Starting attempt 1 of 2
[2025-04-13T23:25:18.081+0800] {taskinstance.py:2890} INFO - Executing <Task(PythonOperator): load_to_mongodb> on 2025-04-13 15:25:08.765015+00:00
[2025-04-13T23:25:18.084+0800] {standard_task_runner.py:72} INFO - Started process 86916 to run task
[2025-04-13T23:25:18.086+0800] {standard_task_runner.py:104} INFO - Running: ['airflow', 'tasks', 'run', 'visitor_labels_etl_pipeline', 'load_to_mongodb', 'manual__2025-04-13T15:25:08.765015+00:00', '--job-id', '34', '--raw', '--subdir', 'DAGS_FOLDER/labels_dag.py', '--cfg-path', '/tmp/tmpmwavdf56']
[2025-04-13T23:25:18.087+0800] {standard_task_runner.py:105} INFO - Job 34: Subtask load_to_mongodb
[2025-04-13T23:25:18.112+0800] {task_command.py:467} INFO - Running <TaskInstance: visitor_labels_etl_pipeline.load_to_mongodb manual__2025-04-13T15:25:08.765015+00:00 [running]> on host Conglaptop.
[2025-04-13T23:25:18.153+0800] {taskinstance.py:3134} INFO - Exporting env vars: AIRFLOW_CTX_DAG_OWNER='airflow' AIRFLOW_CTX_DAG_ID='visitor_labels_etl_pipeline' AIRFLOW_CTX_TASK_ID='load_to_mongodb' AIRFLOW_CTX_EXECUTION_DATE='2025-04-13T15:25:08.765015+00:00' AIRFLOW_CTX_TRY_NUMBER='1' AIRFLOW_CTX_DAG_RUN_ID='manual__2025-04-13T15:25:08.765015+00:00'
[2025-04-13T23:25:18.154+0800] {logging_mixin.py:190} INFO - Task instance is in running state
[2025-04-13T23:25:18.154+0800] {logging_mixin.py:190} INFO -  Previous state of the Task instance: queued
[2025-04-13T23:25:18.154+0800] {logging_mixin.py:190} INFO - Current task name:load_to_mongodb state:running start_date:2025-04-13 15:25:18.066030+00:00
[2025-04-13T23:25:18.155+0800] {logging_mixin.py:190} INFO - Dag name:visitor_labels_etl_pipeline and current dag run status:running
[2025-04-13T23:25:18.155+0800] {taskinstance.py:732} INFO - ::endgroup::
[2025-04-13T23:25:18.158+0800] {logging_mixin.py:190} INFO - Loading 406 visitor records to MongoDB
[2025-04-13T23:25:18.463+0800] {logging_mixin.py:190} INFO - Processing visitor data for period including 2025-03
[2025-04-13T23:26:36.803+0800] {logging_mixin.py:190} INFO - MongoDB loading completed. Inserted: 406, Updated: 0
[2025-04-13T23:26:36.804+0800] {logging_mixin.py:190} INFO - Verification: Collection now contains 10 records for 2025-03
[2025-04-13T23:26:36.804+0800] {python.py:240} INFO - Done. Returned value was: Inserted: 406, Updated: 0, Verified: 10
[2025-04-13T23:26:36.822+0800] {taskinstance.py:341} INFO - ::group::Post task execution logs
[2025-04-13T23:26:36.822+0800] {taskinstance.py:353} INFO - Marking task as SUCCESS. dag_id=visitor_labels_etl_pipeline, task_id=load_to_mongodb, run_id=manual__2025-04-13T15:25:08.765015+00:00, execution_date=20250413T152508, start_date=20250413T152518, end_date=20250413T152636
[2025-04-13T23:26:36.841+0800] {logging_mixin.py:190} INFO - Task instance in success state
[2025-04-13T23:26:36.841+0800] {logging_mixin.py:190} INFO -  Previous state of the Task instance: running
[2025-04-13T23:26:36.842+0800] {logging_mixin.py:190} INFO - Dag name:visitor_labels_etl_pipeline queued_at:2025-04-13 15:25:08.782055+00:00
[2025-04-13T23:26:36.842+0800] {logging_mixin.py:190} INFO - Task hostname:Conglaptop. operator:PythonOperator
[2025-04-13T23:26:36.873+0800] {local_task_job_runner.py:266} INFO - Task exited with return code 0
[2025-04-13T23:26:36.880+0800] {taskinstance.py:3901} INFO - 0 downstream tasks scheduled from follow-on schedule check
[2025-04-13T23:26:36.881+0800] {local_task_job_runner.py:245} INFO - ::endgroup::
