[2025-04-13T23:19:45.907+0800] {local_task_job_runner.py:123} INFO - ::group::Pre task execution logs
[2025-04-13T23:19:45.915+0800] {taskinstance.py:2614} INFO - Dependencies all met for dep_context=non-requeueable deps ti=<TaskInstance: visitor_labels_etl_pipeline.extract_visitor_data manual__2025-04-13T15:19:42.944472+00:00 [queued]>
[2025-04-13T23:19:45.918+0800] {taskinstance.py:2614} INFO - Dependencies all met for dep_context=requeueable deps ti=<TaskInstance: visitor_labels_etl_pipeline.extract_visitor_data manual__2025-04-13T15:19:42.944472+00:00 [queued]>
[2025-04-13T23:19:45.918+0800] {taskinstance.py:2867} INFO - Starting attempt 1 of 2
[2025-04-13T23:19:45.932+0800] {taskinstance.py:2890} INFO - Executing <Task(PythonOperator): extract_visitor_data> on 2025-04-13 15:19:42.944472+00:00
[2025-04-13T23:19:45.935+0800] {standard_task_runner.py:72} INFO - Started process 84611 to run task
[2025-04-13T23:19:45.937+0800] {standard_task_runner.py:104} INFO - Running: ['airflow', 'tasks', 'run', 'visitor_labels_etl_pipeline', 'extract_visitor_data', 'manual__2025-04-13T15:19:42.944472+00:00', '--job-id', '25', '--raw', '--subdir', 'DAGS_FOLDER/labels_dag.py', '--cfg-path', '/tmp/tmpv342wunj']
[2025-04-13T23:19:45.937+0800] {standard_task_runner.py:105} INFO - Job 25: Subtask extract_visitor_data
[2025-04-13T23:19:45.993+0800] {task_command.py:467} INFO - Running <TaskInstance: visitor_labels_etl_pipeline.extract_visitor_data manual__2025-04-13T15:19:42.944472+00:00 [running]> on host Conglaptop.
[2025-04-13T23:19:46.053+0800] {taskinstance.py:3134} INFO - Exporting env vars: AIRFLOW_CTX_DAG_OWNER='airflow' AIRFLOW_CTX_DAG_ID='visitor_labels_etl_pipeline' AIRFLOW_CTX_TASK_ID='extract_visitor_data' AIRFLOW_CTX_EXECUTION_DATE='2025-04-13T15:19:42.944472+00:00' AIRFLOW_CTX_TRY_NUMBER='1' AIRFLOW_CTX_DAG_RUN_ID='manual__2025-04-13T15:19:42.944472+00:00'
[2025-04-13T23:19:46.055+0800] {logging_mixin.py:190} INFO - Task instance is in running state
[2025-04-13T23:19:46.055+0800] {logging_mixin.py:190} INFO -  Previous state of the Task instance: queued
[2025-04-13T23:19:46.055+0800] {logging_mixin.py:190} INFO - Current task name:extract_visitor_data state:running start_date:2025-04-13 15:19:45.915617+00:00
[2025-04-13T23:19:46.055+0800] {logging_mixin.py:190} INFO - Dag name:visitor_labels_etl_pipeline and current dag run status:running
[2025-04-13T23:19:46.056+0800] {taskinstance.py:732} INFO - ::endgroup::
[2025-04-13T23:19:46.057+0800] {logging_mixin.py:190} INFO - Starting visitor data extraction
[2025-04-13T23:19:46.057+0800] {logging_mixin.py:190} INFO - Extracting visitor data for Thailand
[2025-04-13T23:19:46.057+0800] {logging_mixin.py:190} INFO - Error extracting visitor data for Thailand: 'VisitorScraper' object has no attribute 'historical_data'
[2025-04-13T23:19:46.057+0800] {logging_mixin.py:190} INFO - Extracting visitor data for Singapore
[2025-04-13T23:19:46.057+0800] {logging_mixin.py:190} INFO - Error extracting visitor data for Singapore: 'VisitorScraper' object has no attribute 'historical_data'
[2025-04-13T23:19:46.057+0800] {logging_mixin.py:190} INFO - Extracting visitor data for Malaysia
[2025-04-13T23:19:46.057+0800] {logging_mixin.py:190} INFO - Error extracting visitor data for Malaysia: 'VisitorScraper' object has no attribute 'historical_data'
[2025-04-13T23:19:46.057+0800] {logging_mixin.py:190} INFO - Extracting visitor data for Indonesia
[2025-04-13T23:19:46.057+0800] {logging_mixin.py:190} INFO - Error extracting visitor data for Indonesia: 'VisitorScraper' object has no attribute 'historical_data'
[2025-04-13T23:19:46.057+0800] {logging_mixin.py:190} INFO - Extracting visitor data for Vietnam
[2025-04-13T23:19:46.057+0800] {logging_mixin.py:190} INFO - Error extracting visitor data for Vietnam: 'VisitorScraper' object has no attribute 'historical_data'
[2025-04-13T23:19:46.057+0800] {logging_mixin.py:190} INFO - Extracting visitor data for Philippines
[2025-04-13T23:19:46.057+0800] {logging_mixin.py:190} INFO - Error extracting visitor data for Philippines: 'VisitorScraper' object has no attribute 'historical_data'
[2025-04-13T23:19:46.058+0800] {logging_mixin.py:190} INFO - Extracting visitor data for Cambodia
[2025-04-13T23:19:46.058+0800] {logging_mixin.py:190} INFO - Error extracting visitor data for Cambodia: 'VisitorScraper' object has no attribute 'historical_data'
[2025-04-13T23:19:46.058+0800] {logging_mixin.py:190} INFO - Extracting visitor data for Laos
[2025-04-13T23:19:46.058+0800] {logging_mixin.py:190} INFO - Error extracting visitor data for Laos: 'VisitorScraper' object has no attribute 'historical_data'
[2025-04-13T23:19:46.058+0800] {logging_mixin.py:190} INFO - Extracting visitor data for Myanmar
[2025-04-13T23:19:46.058+0800] {logging_mixin.py:190} INFO - Error extracting visitor data for Myanmar: 'VisitorScraper' object has no attribute 'historical_data'
[2025-04-13T23:19:46.058+0800] {logging_mixin.py:190} INFO - Extracting visitor data for Brunei
[2025-04-13T23:19:46.058+0800] {logging_mixin.py:190} INFO - Error extracting visitor data for Brunei: 'VisitorScraper' object has no attribute 'historical_data'
[2025-04-13T23:19:46.058+0800] {logging_mixin.py:190} INFO - Filtering visitor data for 2025-03
[2025-04-13T23:19:46.058+0800] {logging_mixin.py:190} INFO - Extracted 0 visitor records for 2025-03
[2025-04-13T23:19:46.058+0800] {logging_mixin.py:190} INFO - Saved visitor data to /home/rencongchia/Y3S2/BT4301/project/backend/data/visitor_data_2025-03.json
[2025-04-13T23:19:46.058+0800] {python.py:240} INFO - Done. Returned value was: []
[2025-04-13T23:19:46.071+0800] {taskinstance.py:341} INFO - ::group::Post task execution logs
[2025-04-13T23:19:46.071+0800] {taskinstance.py:353} INFO - Marking task as SUCCESS. dag_id=visitor_labels_etl_pipeline, task_id=extract_visitor_data, run_id=manual__2025-04-13T15:19:42.944472+00:00, execution_date=20250413T151942, start_date=20250413T151945, end_date=20250413T151946
[2025-04-13T23:19:46.094+0800] {logging_mixin.py:190} INFO - Task instance in success state
[2025-04-13T23:19:46.094+0800] {logging_mixin.py:190} INFO -  Previous state of the Task instance: running
[2025-04-13T23:19:46.095+0800] {logging_mixin.py:190} INFO - Dag name:visitor_labels_etl_pipeline queued_at:2025-04-13 15:19:42.971935+00:00
[2025-04-13T23:19:46.095+0800] {logging_mixin.py:190} INFO - Task hostname:Conglaptop. operator:PythonOperator
[2025-04-13T23:19:46.110+0800] {local_task_job_runner.py:266} INFO - Task exited with return code 0
[2025-04-13T23:19:46.125+0800] {taskinstance.py:3901} INFO - 1 downstream tasks scheduled from follow-on schedule check
[2025-04-13T23:19:46.131+0800] {local_task_job_runner.py:245} INFO - ::endgroup::
