[2025-04-13T23:40:03.678+0800] {local_task_job_runner.py:123} INFO - ::group::Pre task execution logs
[2025-04-13T23:40:03.684+0800] {taskinstance.py:2614} INFO - Dependencies all met for dep_context=non-requeueable deps ti=<TaskInstance: visitor_labels_etl_pipeline.load_to_mongodb manual__2025-04-13T15:34:52.727857+00:00 [queued]>
[2025-04-13T23:40:03.688+0800] {taskinstance.py:2614} INFO - Dependencies all met for dep_context=requeueable deps ti=<TaskInstance: visitor_labels_etl_pipeline.load_to_mongodb manual__2025-04-13T15:34:52.727857+00:00 [queued]>
[2025-04-13T23:40:03.688+0800] {taskinstance.py:2867} INFO - Starting attempt 2 of 2
[2025-04-13T23:40:03.699+0800] {taskinstance.py:2890} INFO - Executing <Task(PythonOperator): load_to_mongodb> on 2025-04-13 15:34:52.727857+00:00
[2025-04-13T23:40:03.702+0800] {standard_task_runner.py:72} INFO - Started process 92890 to run task
[2025-04-13T23:40:03.704+0800] {standard_task_runner.py:104} INFO - Running: ['airflow', 'tasks', 'run', 'visitor_labels_etl_pipeline', 'load_to_mongodb', 'manual__2025-04-13T15:34:52.727857+00:00', '--job-id', '55', '--raw', '--subdir', 'DAGS_FOLDER/labels_dag.py', '--cfg-path', '/tmp/tmphdwxhi7b']
[2025-04-13T23:40:03.704+0800] {standard_task_runner.py:105} INFO - Job 55: Subtask load_to_mongodb
[2025-04-13T23:40:03.729+0800] {task_command.py:467} INFO - Running <TaskInstance: visitor_labels_etl_pipeline.load_to_mongodb manual__2025-04-13T15:34:52.727857+00:00 [running]> on host Conglaptop.
[2025-04-13T23:40:03.766+0800] {taskinstance.py:3134} INFO - Exporting env vars: AIRFLOW_CTX_DAG_OWNER='airflow' AIRFLOW_CTX_DAG_ID='visitor_labels_etl_pipeline' AIRFLOW_CTX_TASK_ID='load_to_mongodb' AIRFLOW_CTX_EXECUTION_DATE='2025-04-13T15:34:52.727857+00:00' AIRFLOW_CTX_TRY_NUMBER='2' AIRFLOW_CTX_DAG_RUN_ID='manual__2025-04-13T15:34:52.727857+00:00'
[2025-04-13T23:40:03.766+0800] {logging_mixin.py:190} INFO - Task instance is in running state
[2025-04-13T23:40:03.767+0800] {logging_mixin.py:190} INFO -  Previous state of the Task instance: queued
[2025-04-13T23:40:03.767+0800] {logging_mixin.py:190} INFO - Current task name:load_to_mongodb state:running start_date:2025-04-13 15:40:03.685088+00:00
[2025-04-13T23:40:03.767+0800] {logging_mixin.py:190} INFO - Dag name:visitor_labels_etl_pipeline and current dag run status:running
[2025-04-13T23:40:03.767+0800] {taskinstance.py:732} INFO - ::endgroup::
[2025-04-13T23:40:03.770+0800] {logging_mixin.py:190} INFO - Loading 10 visitor records to MongoDB
[2025-04-13T23:40:03.844+0800] {logging_mixin.py:190} INFO - Processing visitor data for period: 2025-03
[2025-04-13T23:40:07.691+0800] {logging_mixin.py:190} INFO - MongoDB loading completed. Inserted: 0, Updated: 0
[2025-04-13T23:40:07.691+0800] {logging_mixin.py:190} INFO - Verification: Collection now contains 10 records for 2025-03
[2025-04-13T23:40:07.692+0800] {python.py:240} INFO - Done. Returned value was: Inserted: 0, Updated: 0, Verified: 10
[2025-04-13T23:40:07.714+0800] {taskinstance.py:341} INFO - ::group::Post task execution logs
[2025-04-13T23:40:07.714+0800] {taskinstance.py:353} INFO - Marking task as SUCCESS. dag_id=visitor_labels_etl_pipeline, task_id=load_to_mongodb, run_id=manual__2025-04-13T15:34:52.727857+00:00, execution_date=20250413T153452, start_date=20250413T154003, end_date=20250413T154007
[2025-04-13T23:40:07.735+0800] {logging_mixin.py:190} INFO - Task instance in success state
[2025-04-13T23:40:07.736+0800] {logging_mixin.py:190} INFO -  Previous state of the Task instance: running
[2025-04-13T23:40:07.736+0800] {logging_mixin.py:190} INFO - Dag name:visitor_labels_etl_pipeline queued_at:2025-04-13 15:34:52.741294+00:00
[2025-04-13T23:40:07.736+0800] {logging_mixin.py:190} INFO - Task hostname:Conglaptop. operator:PythonOperator
[2025-04-13T23:40:07.740+0800] {local_task_job_runner.py:266} INFO - Task exited with return code 0
[2025-04-13T23:40:07.747+0800] {taskinstance.py:3901} INFO - 0 downstream tasks scheduled from follow-on schedule check
[2025-04-13T23:40:07.748+0800] {local_task_job_runner.py:245} INFO - ::endgroup::
