[2025-04-13T23:35:50.997+0800] {local_task_job_runner.py:123} INFO - ::group::Pre task execution logs
[2025-04-13T23:35:51.003+0800] {taskinstance.py:2614} INFO - Dependencies all met for dep_context=non-requeueable deps ti=<TaskInstance: visitor_labels_etl_pipeline.extract_visitor_data manual__2025-04-13T15:35:48.780751+00:00 [queued]>
[2025-04-13T23:35:51.005+0800] {taskinstance.py:2614} INFO - Dependencies all met for dep_context=requeueable deps ti=<TaskInstance: visitor_labels_etl_pipeline.extract_visitor_data manual__2025-04-13T15:35:48.780751+00:00 [queued]>
[2025-04-13T23:35:51.006+0800] {taskinstance.py:2867} INFO - Starting attempt 1 of 2
[2025-04-13T23:35:51.018+0800] {taskinstance.py:2890} INFO - Executing <Task(PythonOperator): extract_visitor_data> on 2025-04-13 15:35:48.780751+00:00
[2025-04-13T23:35:51.021+0800] {standard_task_runner.py:72} INFO - Started process 91307 to run task
[2025-04-13T23:35:51.023+0800] {standard_task_runner.py:104} INFO - Running: ['airflow', 'tasks', 'run', 'visitor_labels_etl_pipeline', 'extract_visitor_data', 'manual__2025-04-13T15:35:48.780751+00:00', '--job-id', '51', '--raw', '--subdir', 'DAGS_FOLDER/labels_dag.py', '--cfg-path', '/tmp/tmpoy4rc4qy']
[2025-04-13T23:35:51.023+0800] {standard_task_runner.py:105} INFO - Job 51: Subtask extract_visitor_data
[2025-04-13T23:35:51.051+0800] {task_command.py:467} INFO - Running <TaskInstance: visitor_labels_etl_pipeline.extract_visitor_data manual__2025-04-13T15:35:48.780751+00:00 [running]> on host Conglaptop.
[2025-04-13T23:35:51.096+0800] {taskinstance.py:3134} INFO - Exporting env vars: AIRFLOW_CTX_DAG_OWNER='airflow' AIRFLOW_CTX_DAG_ID='visitor_labels_etl_pipeline' AIRFLOW_CTX_TASK_ID='extract_visitor_data' AIRFLOW_CTX_EXECUTION_DATE='2025-04-13T15:35:48.780751+00:00' AIRFLOW_CTX_TRY_NUMBER='1' AIRFLOW_CTX_DAG_RUN_ID='manual__2025-04-13T15:35:48.780751+00:00'
[2025-04-13T23:35:51.097+0800] {logging_mixin.py:190} INFO - Task instance is in running state
[2025-04-13T23:35:51.097+0800] {logging_mixin.py:190} INFO -  Previous state of the Task instance: queued
[2025-04-13T23:35:51.097+0800] {logging_mixin.py:190} INFO - Current task name:extract_visitor_data state:running start_date:2025-04-13 15:35:51.003225+00:00
[2025-04-13T23:35:51.098+0800] {logging_mixin.py:190} INFO - Dag name:visitor_labels_etl_pipeline and current dag run status:running
[2025-04-13T23:35:51.098+0800] {taskinstance.py:732} INFO - ::endgroup::
[2025-04-13T23:35:51.098+0800] {logging_mixin.py:190} INFO - Starting visitor data extraction
[2025-04-13T23:35:51.098+0800] {logging_mixin.py:190} INFO - Extracting visitor data for the month: 2025-03
[2025-04-13T23:35:51.098+0800] {logging_mixin.py:190} INFO - Extracting visitor data for Thailand
[2025-04-13T23:35:51.106+0800] {logging_mixin.py:190} INFO - Found 1 records for Thailand in 2025-03
[2025-04-13T23:35:51.107+0800] {logging_mixin.py:190} INFO - Extracting visitor data for Singapore
[2025-04-13T23:35:51.108+0800] {logging_mixin.py:190} INFO - Found 1 records for Singapore in 2025-03
[2025-04-13T23:35:51.108+0800] {logging_mixin.py:190} INFO - Extracting visitor data for Malaysia
[2025-04-13T23:35:51.110+0800] {logging_mixin.py:190} INFO - Found 1 records for Malaysia in 2025-03
[2025-04-13T23:35:51.110+0800] {logging_mixin.py:190} INFO - Extracting visitor data for Indonesia
[2025-04-13T23:35:51.111+0800] {logging_mixin.py:190} INFO - Found 1 records for Indonesia in 2025-03
[2025-04-13T23:35:51.111+0800] {logging_mixin.py:190} INFO - Extracting visitor data for Vietnam
[2025-04-13T23:35:51.112+0800] {logging_mixin.py:190} INFO - Found 1 records for Vietnam in 2025-03
[2025-04-13T23:35:51.112+0800] {logging_mixin.py:190} INFO - Extracting visitor data for Philippines
[2025-04-13T23:35:51.113+0800] {logging_mixin.py:190} INFO - Found 1 records for Philippines in 2025-03
[2025-04-13T23:35:51.113+0800] {logging_mixin.py:190} INFO - Extracting visitor data for Cambodia
[2025-04-13T23:35:51.114+0800] {logging_mixin.py:190} INFO - Found 1 records for Cambodia in 2025-03
[2025-04-13T23:35:51.114+0800] {logging_mixin.py:190} INFO - Extracting visitor data for Laos
[2025-04-13T23:35:51.115+0800] {logging_mixin.py:190} INFO - Found 1 records for Laos in 2025-03
[2025-04-13T23:35:51.115+0800] {logging_mixin.py:190} INFO - Extracting visitor data for Myanmar
[2025-04-13T23:35:51.116+0800] {logging_mixin.py:190} INFO - Found 1 records for Myanmar in 2025-03
[2025-04-13T23:35:51.116+0800] {logging_mixin.py:190} INFO - Extracting visitor data for Brunei
[2025-04-13T23:35:51.117+0800] {logging_mixin.py:190} INFO - Found 1 records for Brunei in 2025-03
[2025-04-13T23:35:51.117+0800] {logging_mixin.py:190} INFO - Extracted a total of 10 visitor records for 2025-03
[2025-04-13T23:35:51.118+0800] {logging_mixin.py:190} INFO - Saved visitor data to /home/rencongchia/Y3S2/BT4301/project/backend/data/visitor_data_2025-03.json
[2025-04-13T23:35:51.118+0800] {python.py:240} INFO - Done. Returned value was: [{"country": "Thailand", "month_year": "2025-03", "value": 3300000.0}, {"country": "Singapore", "month_year": "2025-03", "value": 1743500.0}, {"country": "Malaysia", "month_year": "2025-03", "value": 2400000.0}, {"country": "Indonesia", "month_year": "2025-03", "value": 1150000.0}, {"country": "Vietnam", "month_year": "2025-03", "value": 1750000.0}, {"country": "Philippines", "month_year": "2025-03", "value": 530000.0}, {"country": "Cambodia", "month_year": "2025-03", "value": 635000.0}, {"country": "Laos", "month_year": "2025-03", "value": 470000.0}, {"country": "Myanmar", "month_year": "2025-03", "value": 124000.0}, {"country": "Brunei", "month_year": "2025-03", "value": 63578.0}]
[2025-04-13T23:35:51.131+0800] {taskinstance.py:341} INFO - ::group::Post task execution logs
[2025-04-13T23:35:51.131+0800] {taskinstance.py:353} INFO - Marking task as SUCCESS. dag_id=visitor_labels_etl_pipeline, task_id=extract_visitor_data, run_id=manual__2025-04-13T15:35:48.780751+00:00, execution_date=20250413T153548, start_date=20250413T153551, end_date=20250413T153551
[2025-04-13T23:35:51.149+0800] {logging_mixin.py:190} INFO - Task instance in success state
[2025-04-13T23:35:51.150+0800] {logging_mixin.py:190} INFO -  Previous state of the Task instance: running
[2025-04-13T23:35:51.150+0800] {logging_mixin.py:190} INFO - Dag name:visitor_labels_etl_pipeline queued_at:2025-04-13 15:35:48.786712+00:00
[2025-04-13T23:35:51.150+0800] {logging_mixin.py:190} INFO - Task hostname:Conglaptop. operator:PythonOperator
[2025-04-13T23:35:51.156+0800] {local_task_job_runner.py:266} INFO - Task exited with return code 0
[2025-04-13T23:35:51.168+0800] {taskinstance.py:3901} INFO - 1 downstream tasks scheduled from follow-on schedule check
[2025-04-13T23:35:51.176+0800] {local_task_job_runner.py:245} INFO - ::endgroup::
