[2025-04-13T22:26:37.340+0800] {local_task_job_runner.py:123} INFO - ::group::Pre task execution logs
[2025-04-13T22:26:37.345+0800] {taskinstance.py:2614} INFO - Dependencies all met for dep_context=non-requeueable deps ti=<TaskInstance: instagram_etl_pipeline.extract_instagram_data manual__2025-04-13T14:21:27.579541+00:00 [queued]>
[2025-04-13T22:26:37.347+0800] {taskinstance.py:2614} INFO - Dependencies all met for dep_context=requeueable deps ti=<TaskInstance: instagram_etl_pipeline.extract_instagram_data manual__2025-04-13T14:21:27.579541+00:00 [queued]>
[2025-04-13T22:26:37.348+0800] {taskinstance.py:2867} INFO - Starting attempt 2 of 2
[2025-04-13T22:26:37.359+0800] {taskinstance.py:2890} INFO - Executing <Task(PythonOperator): extract_instagram_data> on 2025-04-13 14:21:27.579541+00:00
[2025-04-13T22:26:37.362+0800] {standard_task_runner.py:72} INFO - Started process 70390 to run task
[2025-04-13T22:26:37.364+0800] {standard_task_runner.py:104} INFO - Running: ['airflow', 'tasks', 'run', 'instagram_etl_pipeline', 'extract_instagram_data', 'manual__2025-04-13T14:21:27.579541+00:00', '--job-id', '22', '--raw', '--subdir', 'DAGS_FOLDER/instagram_dag.py', '--cfg-path', '/tmp/tmp_ppbe9ev']
[2025-04-13T22:26:37.364+0800] {standard_task_runner.py:105} INFO - Job 22: Subtask extract_instagram_data
[2025-04-13T22:26:37.395+0800] {task_command.py:467} INFO - Running <TaskInstance: instagram_etl_pipeline.extract_instagram_data manual__2025-04-13T14:21:27.579541+00:00 [running]> on host Conglaptop.
[2025-04-13T22:26:37.432+0800] {taskinstance.py:3134} INFO - Exporting env vars: AIRFLOW_CTX_DAG_OWNER='airflow' AIRFLOW_CTX_DAG_ID='instagram_etl_pipeline' AIRFLOW_CTX_TASK_ID='extract_instagram_data' AIRFLOW_CTX_EXECUTION_DATE='2025-04-13T14:21:27.579541+00:00' AIRFLOW_CTX_TRY_NUMBER='2' AIRFLOW_CTX_DAG_RUN_ID='manual__2025-04-13T14:21:27.579541+00:00'
[2025-04-13T22:26:37.432+0800] {logging_mixin.py:190} INFO - Task instance is in running state
[2025-04-13T22:26:37.432+0800] {logging_mixin.py:190} INFO -  Previous state of the Task instance: queued
[2025-04-13T22:26:37.433+0800] {logging_mixin.py:190} INFO - Current task name:extract_instagram_data state:running start_date:2025-04-13 14:26:37.345443+00:00
[2025-04-13T22:26:37.433+0800] {logging_mixin.py:190} INFO - Dag name:instagram_etl_pipeline and current dag run status:running
[2025-04-13T22:26:37.433+0800] {taskinstance.py:732} INFO - ::endgroup::
[2025-04-13T22:26:38.435+0800] {private.py:328} INFO - https://i.instagram.com/api/v1/feed/timeline/
[2025-04-13T22:26:38.490+0800] {logging_mixin.py:190} WARNING - /home/rencongchia/Y3S2/BT4301/project/.venv/lib/python3.12/site-packages/urllib3/connectionpool.py:1097 InsecureRequestWarning: Unverified HTTPS request is being made to host 'i.instagram.com'. Adding certificate verification is strongly advised. See: https://urllib3.readthedocs.io/en/latest/advanced-usage.html#tls-warnings
[2025-04-13T22:26:40.554+0800] {private.py:484} INFO - bt_grp_8_2025 [200] POST https://i.instagram.com/api/v1/feed/timeline/ (269.0.0.18.75, OnePlus 6T Dev)
[2025-04-13T22:26:40.560+0800] {instagram_crawler.py:67} INFO - successfully logged in via session
[2025-04-13T22:26:45.875+0800] {logging_mixin.py:190} WARNING - /home/rencongchia/Y3S2/BT4301/project/.venv/lib/python3.12/site-packages/urllib3/connectionpool.py:1097 InsecureRequestWarning: Unverified HTTPS request is being made to host 'www.instagram.com'. Adding certificate verification is strongly advised. See: https://urllib3.readthedocs.io/en/latest/advanced-usage.html#tls-warnings
[2025-04-13T22:26:46.206+0800] {public.py:177} INFO - [None] [404] GET https://www.instagram.com/explore/tags/bali/?__a=1&__d=dis
[2025-04-13T22:26:50.284+0800] {private.py:328} INFO - https://i.instagram.com/api/v1/tags/bali/sections/
[2025-04-13T22:26:50.285+0800] {logging_mixin.py:190} WARNING - /home/rencongchia/Y3S2/BT4301/project/.venv/lib/python3.12/site-packages/urllib3/connectionpool.py:1097 InsecureRequestWarning: Unverified HTTPS request is being made to host 'i.instagram.com'. Adding certificate verification is strongly advised. See: https://urllib3.readthedocs.io/en/latest/advanced-usage.html#tls-warnings
[2025-04-13T22:26:53.082+0800] {private.py:484} INFO - bt_grp_8_2025 [200] POST https://i.instagram.com/api/v1/tags/bali/sections/ (269.0.0.18.75, OnePlus 6T Dev)
[2025-04-13T22:26:57.140+0800] {logging_mixin.py:190} WARNING - /home/rencongchia/Y3S2/BT4301/project/.venv/lib/python3.12/site-packages/urllib3/connectionpool.py:1097 InsecureRequestWarning: Unverified HTTPS request is being made to host 'www.instagram.com'. Adding certificate verification is strongly advised. See: https://urllib3.readthedocs.io/en/latest/advanced-usage.html#tls-warnings
[2025-04-13T22:26:57.354+0800] {public.py:177} INFO - [None] [404] GET https://www.instagram.com/explore/tags/jakarta/?__a=1&__d=dis
[2025-04-13T22:27:01.241+0800] {private.py:328} INFO - https://i.instagram.com/api/v1/tags/jakarta/sections/
[2025-04-13T22:27:01.244+0800] {logging_mixin.py:190} WARNING - /home/rencongchia/Y3S2/BT4301/project/.venv/lib/python3.12/site-packages/urllib3/connectionpool.py:1097 InsecureRequestWarning: Unverified HTTPS request is being made to host 'i.instagram.com'. Adding certificate verification is strongly advised. See: https://urllib3.readthedocs.io/en/latest/advanced-usage.html#tls-warnings
[2025-04-13T22:27:04.509+0800] {private.py:484} INFO - bt_grp_8_2025 [200] POST https://i.instagram.com/api/v1/tags/jakarta/sections/ (269.0.0.18.75, OnePlus 6T Dev)
[2025-04-13T22:27:09.436+0800] {logging_mixin.py:190} WARNING - /home/rencongchia/Y3S2/BT4301/project/.venv/lib/python3.12/site-packages/urllib3/connectionpool.py:1097 InsecureRequestWarning: Unverified HTTPS request is being made to host 'www.instagram.com'. Adding certificate verification is strongly advised. See: https://urllib3.readthedocs.io/en/latest/advanced-usage.html#tls-warnings
[2025-04-13T22:27:09.632+0800] {public.py:177} INFO - [None] [404] GET https://www.instagram.com/explore/tags/bandarseribegawan/?__a=1&__d=dis
[2025-04-13T22:27:14.315+0800] {private.py:328} INFO - https://i.instagram.com/api/v1/tags/bandarseribegawan/sections/
[2025-04-13T22:27:14.317+0800] {logging_mixin.py:190} WARNING - /home/rencongchia/Y3S2/BT4301/project/.venv/lib/python3.12/site-packages/urllib3/connectionpool.py:1097 InsecureRequestWarning: Unverified HTTPS request is being made to host 'i.instagram.com'. Adding certificate verification is strongly advised. See: https://urllib3.readthedocs.io/en/latest/advanced-usage.html#tls-warnings
[2025-04-13T22:27:19.123+0800] {private.py:484} INFO - bt_grp_8_2025 [200] POST https://i.instagram.com/api/v1/tags/bandarseribegawan/sections/ (269.0.0.18.75, OnePlus 6T Dev)
[2025-04-13T22:27:23.371+0800] {logging_mixin.py:190} WARNING - /home/rencongchia/Y3S2/BT4301/project/.venv/lib/python3.12/site-packages/urllib3/connectionpool.py:1097 InsecureRequestWarning: Unverified HTTPS request is being made to host 'www.instagram.com'. Adding certificate verification is strongly advised. See: https://urllib3.readthedocs.io/en/latest/advanced-usage.html#tls-warnings
[2025-04-13T22:27:23.569+0800] {public.py:177} INFO - [None] [404] GET https://www.instagram.com/explore/tags/bangkok/?__a=1&__d=dis
[2025-04-13T22:27:28.234+0800] {private.py:328} INFO - https://i.instagram.com/api/v1/tags/bangkok/sections/
[2025-04-13T22:27:28.237+0800] {logging_mixin.py:190} WARNING - /home/rencongchia/Y3S2/BT4301/project/.venv/lib/python3.12/site-packages/urllib3/connectionpool.py:1097 InsecureRequestWarning: Unverified HTTPS request is being made to host 'i.instagram.com'. Adding certificate verification is strongly advised. See: https://urllib3.readthedocs.io/en/latest/advanced-usage.html#tls-warnings
[2025-04-13T22:27:31.598+0800] {private.py:484} INFO - bt_grp_8_2025 [200] POST https://i.instagram.com/api/v1/tags/bangkok/sections/ (269.0.0.18.75, OnePlus 6T Dev)
[2025-04-13T22:27:34.935+0800] {logging_mixin.py:190} WARNING - /home/rencongchia/Y3S2/BT4301/project/.venv/lib/python3.12/site-packages/urllib3/connectionpool.py:1097 InsecureRequestWarning: Unverified HTTPS request is being made to host 'www.instagram.com'. Adding certificate verification is strongly advised. See: https://urllib3.readthedocs.io/en/latest/advanced-usage.html#tls-warnings
[2025-04-13T22:27:35.133+0800] {public.py:177} INFO - [None] [404] GET https://www.instagram.com/explore/tags/phuket/?__a=1&__d=dis
[2025-04-13T22:27:38.761+0800] {private.py:328} INFO - https://i.instagram.com/api/v1/tags/phuket/sections/
[2025-04-13T22:27:38.762+0800] {logging_mixin.py:190} WARNING - /home/rencongchia/Y3S2/BT4301/project/.venv/lib/python3.12/site-packages/urllib3/connectionpool.py:1097 InsecureRequestWarning: Unverified HTTPS request is being made to host 'i.instagram.com'. Adding certificate verification is strongly advised. See: https://urllib3.readthedocs.io/en/latest/advanced-usage.html#tls-warnings
[2025-04-13T22:27:42.386+0800] {private.py:484} INFO - bt_grp_8_2025 [200] POST https://i.instagram.com/api/v1/tags/phuket/sections/ (269.0.0.18.75, OnePlus 6T Dev)
[2025-04-13T22:27:46.840+0800] {logging_mixin.py:190} WARNING - /home/rencongchia/Y3S2/BT4301/project/.venv/lib/python3.12/site-packages/urllib3/connectionpool.py:1097 InsecureRequestWarning: Unverified HTTPS request is being made to host 'www.instagram.com'. Adding certificate verification is strongly advised. See: https://urllib3.readthedocs.io/en/latest/advanced-usage.html#tls-warnings
[2025-04-13T22:27:47.048+0800] {public.py:177} INFO - [None] [404] GET https://www.instagram.com/explore/tags/siemreap/?__a=1&__d=dis
[2025-04-13T22:27:52.647+0800] {private.py:328} INFO - https://i.instagram.com/api/v1/tags/siemreap/sections/
[2025-04-13T22:27:52.651+0800] {logging_mixin.py:190} WARNING - /home/rencongchia/Y3S2/BT4301/project/.venv/lib/python3.12/site-packages/urllib3/connectionpool.py:1097 InsecureRequestWarning: Unverified HTTPS request is being made to host 'i.instagram.com'. Adding certificate verification is strongly advised. See: https://urllib3.readthedocs.io/en/latest/advanced-usage.html#tls-warnings
[2025-04-13T22:27:57.283+0800] {private.py:484} INFO - bt_grp_8_2025 [200] POST https://i.instagram.com/api/v1/tags/siemreap/sections/ (269.0.0.18.75, OnePlus 6T Dev)
[2025-04-13T22:28:01.253+0800] {logging_mixin.py:190} WARNING - /home/rencongchia/Y3S2/BT4301/project/.venv/lib/python3.12/site-packages/urllib3/connectionpool.py:1097 InsecureRequestWarning: Unverified HTTPS request is being made to host 'www.instagram.com'. Adding certificate verification is strongly advised. See: https://urllib3.readthedocs.io/en/latest/advanced-usage.html#tls-warnings
[2025-04-13T22:28:01.533+0800] {public.py:177} INFO - [None] [404] GET https://www.instagram.com/explore/tags/cebu/?__a=1&__d=dis
[2025-04-13T22:28:06.453+0800] {private.py:328} INFO - https://i.instagram.com/api/v1/tags/cebu/sections/
[2025-04-13T22:28:06.456+0800] {logging_mixin.py:190} WARNING - /home/rencongchia/Y3S2/BT4301/project/.venv/lib/python3.12/site-packages/urllib3/connectionpool.py:1097 InsecureRequestWarning: Unverified HTTPS request is being made to host 'i.instagram.com'. Adding certificate verification is strongly advised. See: https://urllib3.readthedocs.io/en/latest/advanced-usage.html#tls-warnings
[2025-04-13T22:28:11.005+0800] {private.py:484} INFO - bt_grp_8_2025 [200] POST https://i.instagram.com/api/v1/tags/cebu/sections/ (269.0.0.18.75, OnePlus 6T Dev)
[2025-04-13T22:28:15.796+0800] {logging_mixin.py:190} WARNING - /home/rencongchia/Y3S2/BT4301/project/.venv/lib/python3.12/site-packages/urllib3/connectionpool.py:1097 InsecureRequestWarning: Unverified HTTPS request is being made to host 'www.instagram.com'. Adding certificate verification is strongly advised. See: https://urllib3.readthedocs.io/en/latest/advanced-usage.html#tls-warnings
[2025-04-13T22:28:15.999+0800] {public.py:177} INFO - [None] [404] GET https://www.instagram.com/explore/tags/davao/?__a=1&__d=dis
[2025-04-13T22:28:20.907+0800] {private.py:328} INFO - https://i.instagram.com/api/v1/tags/davao/sections/
[2025-04-13T22:28:20.910+0800] {logging_mixin.py:190} WARNING - /home/rencongchia/Y3S2/BT4301/project/.venv/lib/python3.12/site-packages/urllib3/connectionpool.py:1097 InsecureRequestWarning: Unverified HTTPS request is being made to host 'i.instagram.com'. Adding certificate verification is strongly advised. See: https://urllib3.readthedocs.io/en/latest/advanced-usage.html#tls-warnings
[2025-04-13T22:28:23.935+0800] {private.py:484} INFO - bt_grp_8_2025 [200] POST https://i.instagram.com/api/v1/tags/davao/sections/ (269.0.0.18.75, OnePlus 6T Dev)
[2025-04-13T22:28:28.489+0800] {logging_mixin.py:190} WARNING - /home/rencongchia/Y3S2/BT4301/project/.venv/lib/python3.12/site-packages/urllib3/connectionpool.py:1097 InsecureRequestWarning: Unverified HTTPS request is being made to host 'www.instagram.com'. Adding certificate verification is strongly advised. See: https://urllib3.readthedocs.io/en/latest/advanced-usage.html#tls-warnings
[2025-04-13T22:28:28.683+0800] {public.py:177} INFO - [None] [404] GET https://www.instagram.com/explore/tags/manila/?__a=1&__d=dis
[2025-04-13T22:28:32.533+0800] {private.py:328} INFO - https://i.instagram.com/api/v1/tags/manila/sections/
[2025-04-13T22:28:32.535+0800] {logging_mixin.py:190} WARNING - /home/rencongchia/Y3S2/BT4301/project/.venv/lib/python3.12/site-packages/urllib3/connectionpool.py:1097 InsecureRequestWarning: Unverified HTTPS request is being made to host 'i.instagram.com'. Adding certificate verification is strongly advised. See: https://urllib3.readthedocs.io/en/latest/advanced-usage.html#tls-warnings
[2025-04-13T22:28:34.841+0800] {private.py:484} INFO - bt_grp_8_2025 [200] POST https://i.instagram.com/api/v1/tags/manila/sections/ (269.0.0.18.75, OnePlus 6T Dev)
[2025-04-13T22:28:38.951+0800] {logging_mixin.py:190} WARNING - /home/rencongchia/Y3S2/BT4301/project/.venv/lib/python3.12/site-packages/urllib3/connectionpool.py:1097 InsecureRequestWarning: Unverified HTTPS request is being made to host 'www.instagram.com'. Adding certificate verification is strongly advised. See: https://urllib3.readthedocs.io/en/latest/advanced-usage.html#tls-warnings
[2025-04-13T22:28:39.157+0800] {public.py:177} INFO - [None] [404] GET https://www.instagram.com/explore/tags/hanoi/?__a=1&__d=dis
[2025-04-13T22:28:42.666+0800] {private.py:328} INFO - https://i.instagram.com/api/v1/tags/hanoi/sections/
[2025-04-13T22:28:42.668+0800] {logging_mixin.py:190} WARNING - /home/rencongchia/Y3S2/BT4301/project/.venv/lib/python3.12/site-packages/urllib3/connectionpool.py:1097 InsecureRequestWarning: Unverified HTTPS request is being made to host 'i.instagram.com'. Adding certificate verification is strongly advised. See: https://urllib3.readthedocs.io/en/latest/advanced-usage.html#tls-warnings
[2025-04-13T22:28:45.766+0800] {private.py:484} INFO - bt_grp_8_2025 [200] POST https://i.instagram.com/api/v1/tags/hanoi/sections/ (269.0.0.18.75, OnePlus 6T Dev)
[2025-04-13T22:28:50.517+0800] {logging_mixin.py:190} WARNING - /home/rencongchia/Y3S2/BT4301/project/.venv/lib/python3.12/site-packages/urllib3/connectionpool.py:1097 InsecureRequestWarning: Unverified HTTPS request is being made to host 'www.instagram.com'. Adding certificate verification is strongly advised. See: https://urllib3.readthedocs.io/en/latest/advanced-usage.html#tls-warnings
[2025-04-13T22:28:50.711+0800] {public.py:177} INFO - [None] [404] GET https://www.instagram.com/explore/tags/hochiminh/?__a=1&__d=dis
[2025-04-13T22:28:55.038+0800] {private.py:328} INFO - https://i.instagram.com/api/v1/tags/hochiminh/sections/
[2025-04-13T22:28:55.039+0800] {logging_mixin.py:190} WARNING - /home/rencongchia/Y3S2/BT4301/project/.venv/lib/python3.12/site-packages/urllib3/connectionpool.py:1097 InsecureRequestWarning: Unverified HTTPS request is being made to host 'i.instagram.com'. Adding certificate verification is strongly advised. See: https://urllib3.readthedocs.io/en/latest/advanced-usage.html#tls-warnings
[2025-04-13T22:29:02.161+0800] {private.py:484} INFO - bt_grp_8_2025 [200] POST https://i.instagram.com/api/v1/tags/hochiminh/sections/ (269.0.0.18.75, OnePlus 6T Dev)
[2025-04-13T22:29:06.097+0800] {logging_mixin.py:190} WARNING - /home/rencongchia/Y3S2/BT4301/project/.venv/lib/python3.12/site-packages/urllib3/connectionpool.py:1097 InsecureRequestWarning: Unverified HTTPS request is being made to host 'www.instagram.com'. Adding certificate verification is strongly advised. See: https://urllib3.readthedocs.io/en/latest/advanced-usage.html#tls-warnings
[2025-04-13T22:29:06.295+0800] {public.py:177} INFO - [None] [404] GET https://www.instagram.com/explore/tags/kualalumpur/?__a=1&__d=dis
[2025-04-13T22:29:10.297+0800] {private.py:328} INFO - https://i.instagram.com/api/v1/tags/kualalumpur/sections/
[2025-04-13T22:29:10.300+0800] {logging_mixin.py:190} WARNING - /home/rencongchia/Y3S2/BT4301/project/.venv/lib/python3.12/site-packages/urllib3/connectionpool.py:1097 InsecureRequestWarning: Unverified HTTPS request is being made to host 'i.instagram.com'. Adding certificate verification is strongly advised. See: https://urllib3.readthedocs.io/en/latest/advanced-usage.html#tls-warnings
[2025-04-13T22:29:13.391+0800] {private.py:484} INFO - bt_grp_8_2025 [200] POST https://i.instagram.com/api/v1/tags/kualalumpur/sections/ (269.0.0.18.75, OnePlus 6T Dev)
[2025-04-13T22:29:17.128+0800] {logging_mixin.py:190} WARNING - /home/rencongchia/Y3S2/BT4301/project/.venv/lib/python3.12/site-packages/urllib3/connectionpool.py:1097 InsecureRequestWarning: Unverified HTTPS request is being made to host 'www.instagram.com'. Adding certificate verification is strongly advised. See: https://urllib3.readthedocs.io/en/latest/advanced-usage.html#tls-warnings
[2025-04-13T22:29:17.337+0800] {public.py:177} INFO - [None] [404] GET https://www.instagram.com/explore/tags/johorbahru/?__a=1&__d=dis
[2025-04-13T22:29:21.422+0800] {private.py:328} INFO - https://i.instagram.com/api/v1/tags/johorbahru/sections/
[2025-04-13T22:29:21.425+0800] {logging_mixin.py:190} WARNING - /home/rencongchia/Y3S2/BT4301/project/.venv/lib/python3.12/site-packages/urllib3/connectionpool.py:1097 InsecureRequestWarning: Unverified HTTPS request is being made to host 'i.instagram.com'. Adding certificate verification is strongly advised. See: https://urllib3.readthedocs.io/en/latest/advanced-usage.html#tls-warnings
[2025-04-13T22:29:25.257+0800] {private.py:484} INFO - bt_grp_8_2025 [200] POST https://i.instagram.com/api/v1/tags/johorbahru/sections/ (269.0.0.18.75, OnePlus 6T Dev)
[2025-04-13T22:29:29.363+0800] {logging_mixin.py:190} WARNING - /home/rencongchia/Y3S2/BT4301/project/.venv/lib/python3.12/site-packages/urllib3/connectionpool.py:1097 InsecureRequestWarning: Unverified HTTPS request is being made to host 'www.instagram.com'. Adding certificate verification is strongly advised. See: https://urllib3.readthedocs.io/en/latest/advanced-usage.html#tls-warnings
[2025-04-13T22:29:29.574+0800] {public.py:177} INFO - [None] [404] GET https://www.instagram.com/explore/tags/ipoh/?__a=1&__d=dis
[2025-04-13T22:29:35.106+0800] {private.py:328} INFO - https://i.instagram.com/api/v1/tags/ipoh/sections/
[2025-04-13T22:29:35.109+0800] {logging_mixin.py:190} WARNING - /home/rencongchia/Y3S2/BT4301/project/.venv/lib/python3.12/site-packages/urllib3/connectionpool.py:1097 InsecureRequestWarning: Unverified HTTPS request is being made to host 'i.instagram.com'. Adding certificate verification is strongly advised. See: https://urllib3.readthedocs.io/en/latest/advanced-usage.html#tls-warnings
[2025-04-13T22:29:38.048+0800] {private.py:484} INFO - bt_grp_8_2025 [200] POST https://i.instagram.com/api/v1/tags/ipoh/sections/ (269.0.0.18.75, OnePlus 6T Dev)
[2025-04-13T22:29:42.703+0800] {logging_mixin.py:190} WARNING - /home/rencongchia/Y3S2/BT4301/project/.venv/lib/python3.12/site-packages/urllib3/connectionpool.py:1097 InsecureRequestWarning: Unverified HTTPS request is being made to host 'www.instagram.com'. Adding certificate verification is strongly advised. See: https://urllib3.readthedocs.io/en/latest/advanced-usage.html#tls-warnings
[2025-04-13T22:29:42.906+0800] {public.py:177} INFO - [None] [404] GET https://www.instagram.com/explore/tags/malacca/?__a=1&__d=dis
[2025-04-13T22:29:47.887+0800] {private.py:328} INFO - https://i.instagram.com/api/v1/tags/malacca/sections/
[2025-04-13T22:29:47.891+0800] {logging_mixin.py:190} WARNING - /home/rencongchia/Y3S2/BT4301/project/.venv/lib/python3.12/site-packages/urllib3/connectionpool.py:1097 InsecureRequestWarning: Unverified HTTPS request is being made to host 'i.instagram.com'. Adding certificate verification is strongly advised. See: https://urllib3.readthedocs.io/en/latest/advanced-usage.html#tls-warnings
[2025-04-13T22:29:50.667+0800] {private.py:484} INFO - bt_grp_8_2025 [200] POST https://i.instagram.com/api/v1/tags/malacca/sections/ (269.0.0.18.75, OnePlus 6T Dev)
[2025-04-13T22:29:55.218+0800] {logging_mixin.py:190} WARNING - /home/rencongchia/Y3S2/BT4301/project/.venv/lib/python3.12/site-packages/urllib3/connectionpool.py:1097 InsecureRequestWarning: Unverified HTTPS request is being made to host 'www.instagram.com'. Adding certificate verification is strongly advised. See: https://urllib3.readthedocs.io/en/latest/advanced-usage.html#tls-warnings
[2025-04-13T22:29:55.419+0800] {public.py:177} INFO - [None] [404] GET https://www.instagram.com/explore/tags/luangprabang/?__a=1&__d=dis
[2025-04-13T22:29:59.067+0800] {private.py:328} INFO - https://i.instagram.com/api/v1/tags/luangprabang/sections/
[2025-04-13T22:29:59.069+0800] {logging_mixin.py:190} WARNING - /home/rencongchia/Y3S2/BT4301/project/.venv/lib/python3.12/site-packages/urllib3/connectionpool.py:1097 InsecureRequestWarning: Unverified HTTPS request is being made to host 'i.instagram.com'. Adding certificate verification is strongly advised. See: https://urllib3.readthedocs.io/en/latest/advanced-usage.html#tls-warnings
[2025-04-13T22:30:02.221+0800] {private.py:484} INFO - bt_grp_8_2025 [200] POST https://i.instagram.com/api/v1/tags/luangprabang/sections/ (269.0.0.18.75, OnePlus 6T Dev)
[2025-04-13T22:30:08.437+0800] {logging_mixin.py:190} WARNING - /home/rencongchia/Y3S2/BT4301/project/.venv/lib/python3.12/site-packages/urllib3/connectionpool.py:1097 InsecureRequestWarning: Unverified HTTPS request is being made to host 'www.instagram.com'. Adding certificate verification is strongly advised. See: https://urllib3.readthedocs.io/en/latest/advanced-usage.html#tls-warnings
[2025-04-13T22:30:08.644+0800] {public.py:177} INFO - [None] [404] GET https://www.instagram.com/explore/tags/vientiane/?__a=1&__d=dis
[2025-04-13T22:30:12.426+0800] {private.py:328} INFO - https://i.instagram.com/api/v1/tags/vientiane/sections/
[2025-04-13T22:30:12.427+0800] {logging_mixin.py:190} WARNING - /home/rencongchia/Y3S2/BT4301/project/.venv/lib/python3.12/site-packages/urllib3/connectionpool.py:1097 InsecureRequestWarning: Unverified HTTPS request is being made to host 'i.instagram.com'. Adding certificate verification is strongly advised. See: https://urllib3.readthedocs.io/en/latest/advanced-usage.html#tls-warnings
[2025-04-13T22:30:16.849+0800] {private.py:484} INFO - bt_grp_8_2025 [200] POST https://i.instagram.com/api/v1/tags/vientiane/sections/ (269.0.0.18.75, OnePlus 6T Dev)
[2025-04-13T22:30:21.438+0800] {logging_mixin.py:190} WARNING - /home/rencongchia/Y3S2/BT4301/project/.venv/lib/python3.12/site-packages/urllib3/connectionpool.py:1097 InsecureRequestWarning: Unverified HTTPS request is being made to host 'www.instagram.com'. Adding certificate verification is strongly advised. See: https://urllib3.readthedocs.io/en/latest/advanced-usage.html#tls-warnings
[2025-04-13T22:30:21.642+0800] {public.py:177} INFO - [None] [404] GET https://www.instagram.com/explore/tags/mandalay/?__a=1&__d=dis
[2025-04-13T22:30:25.967+0800] {private.py:328} INFO - https://i.instagram.com/api/v1/tags/mandalay/sections/
[2025-04-13T22:30:25.971+0800] {logging_mixin.py:190} WARNING - /home/rencongchia/Y3S2/BT4301/project/.venv/lib/python3.12/site-packages/urllib3/connectionpool.py:1097 InsecureRequestWarning: Unverified HTTPS request is being made to host 'i.instagram.com'. Adding certificate verification is strongly advised. See: https://urllib3.readthedocs.io/en/latest/advanced-usage.html#tls-warnings
[2025-04-13T22:30:28.668+0800] {private.py:484} INFO - bt_grp_8_2025 [200] POST https://i.instagram.com/api/v1/tags/mandalay/sections/ (269.0.0.18.75, OnePlus 6T Dev)
[2025-04-13T22:30:32.608+0800] {logging_mixin.py:190} WARNING - /home/rencongchia/Y3S2/BT4301/project/.venv/lib/python3.12/site-packages/urllib3/connectionpool.py:1097 InsecureRequestWarning: Unverified HTTPS request is being made to host 'www.instagram.com'. Adding certificate verification is strongly advised. See: https://urllib3.readthedocs.io/en/latest/advanced-usage.html#tls-warnings
[2025-04-13T22:30:32.801+0800] {public.py:177} INFO - [None] [404] GET https://www.instagram.com/explore/tags/yangon/?__a=1&__d=dis
[2025-04-13T22:30:36.503+0800] {private.py:328} INFO - https://i.instagram.com/api/v1/tags/yangon/sections/
[2025-04-13T22:30:36.505+0800] {logging_mixin.py:190} WARNING - /home/rencongchia/Y3S2/BT4301/project/.venv/lib/python3.12/site-packages/urllib3/connectionpool.py:1097 InsecureRequestWarning: Unverified HTTPS request is being made to host 'i.instagram.com'. Adding certificate verification is strongly advised. See: https://urllib3.readthedocs.io/en/latest/advanced-usage.html#tls-warnings
[2025-04-13T22:30:42.028+0800] {private.py:484} INFO - bt_grp_8_2025 [200] POST https://i.instagram.com/api/v1/tags/yangon/sections/ (269.0.0.18.75, OnePlus 6T Dev)
[2025-04-13T22:30:45.729+0800] {logging_mixin.py:190} WARNING - /home/rencongchia/Y3S2/BT4301/project/.venv/lib/python3.12/site-packages/urllib3/connectionpool.py:1097 InsecureRequestWarning: Unverified HTTPS request is being made to host 'www.instagram.com'. Adding certificate verification is strongly advised. See: https://urllib3.readthedocs.io/en/latest/advanced-usage.html#tls-warnings
[2025-04-13T22:30:45.934+0800] {public.py:177} INFO - [None] [404] GET https://www.instagram.com/explore/tags/singapore/?__a=1&__d=dis
[2025-04-13T22:30:49.067+0800] {private.py:328} INFO - https://i.instagram.com/api/v1/tags/singapore/sections/
[2025-04-13T22:30:49.068+0800] {logging_mixin.py:190} WARNING - /home/rencongchia/Y3S2/BT4301/project/.venv/lib/python3.12/site-packages/urllib3/connectionpool.py:1097 InsecureRequestWarning: Unverified HTTPS request is being made to host 'i.instagram.com'. Adding certificate verification is strongly advised. See: https://urllib3.readthedocs.io/en/latest/advanced-usage.html#tls-warnings
[2025-04-13T22:30:50.933+0800] {private.py:484} INFO - bt_grp_8_2025 [200] POST https://i.instagram.com/api/v1/tags/singapore/sections/ (269.0.0.18.75, OnePlus 6T Dev)
[2025-04-13T22:30:50.952+0800] {instagram_crawler.py:294} INFO - new city found: bandarseribegawan
[2025-04-13T22:30:50.952+0800] {instagram_crawler.py:294} INFO - new city found: phuket
[2025-04-13T22:30:50.953+0800] {instagram_crawler.py:294} INFO - new city found: siemreap
[2025-04-13T22:30:50.953+0800] {instagram_crawler.py:294} INFO - new city found: cebu
[2025-04-13T22:30:50.953+0800] {instagram_crawler.py:294} INFO - new city found: davao
[2025-04-13T22:30:50.953+0800] {instagram_crawler.py:294} INFO - new city found: hochiminh
[2025-04-13T22:30:50.953+0800] {instagram_crawler.py:294} INFO - new city found: kualalumpur
[2025-04-13T22:30:50.953+0800] {instagram_crawler.py:294} INFO - new city found: johorbahru
[2025-04-13T22:30:50.953+0800] {instagram_crawler.py:294} INFO - new city found: ipoh
[2025-04-13T22:30:50.954+0800] {instagram_crawler.py:294} INFO - new city found: malacca
[2025-04-13T22:30:50.954+0800] {instagram_crawler.py:294} INFO - new city found: luangprabang
[2025-04-13T22:30:50.954+0800] {instagram_crawler.py:294} INFO - new city found: vientiane
[2025-04-13T22:30:50.954+0800] {instagram_crawler.py:294} INFO - new city found: mandalay
[2025-04-13T22:30:50.954+0800] {instagram_crawler.py:294} INFO - new city found: yangon
[2025-04-13T22:30:50.991+0800] {instagram_crawler.py:306} INFO - added 240 new posts to city posts
[2025-04-13T22:30:55.788+0800] {private.py:328} INFO - https://i.instagram.com/api/v1/location_search/
[2025-04-13T22:30:55.790+0800] {logging_mixin.py:190} WARNING - /home/rencongchia/Y3S2/BT4301/project/.venv/lib/python3.12/site-packages/urllib3/connectionpool.py:1097 InsecureRequestWarning: Unverified HTTPS request is being made to host 'i.instagram.com'. Adding certificate verification is strongly advised. See: https://urllib3.readthedocs.io/en/latest/advanced-usage.html#tls-warnings
[2025-04-13T22:30:56.067+0800] {private.py:484} INFO - bt_grp_8_2025 [403] GET https://i.instagram.com/api/v1/location_search/?latitude=-8.4095&longitude=115.1889 (269.0.0.18.75, OnePlus 6T Dev)
[2025-04-13T22:30:56.067+0800] {logging_mixin.py:190} INFO - Error fetching location data for bali: login_required
[2025-04-13T22:30:59.419+0800] {logging_mixin.py:190} WARNING - /home/rencongchia/Y3S2/BT4301/project/.venv/lib/python3.12/site-packages/urllib3/connectionpool.py:1097 InsecureRequestWarning: Unverified HTTPS request is being made to host 'www.instagram.com'. Adding certificate verification is strongly advised. See: https://urllib3.readthedocs.io/en/latest/advanced-usage.html#tls-warnings
[2025-04-13T22:30:59.795+0800] {public.py:177} INFO - [None] [201] GET https://www.instagram.com/explore/locations/1145542375512342/?__a=1&__d=dis
[2025-04-13T22:30:59.795+0800] {public.py:195} ERROR - Status 201: JSONDecodeError in public_request (url=https://www.instagram.com/explore/locations/1145542375512342/?__a=1&__d=dis) >>> 
[2025-04-13T22:31:06.527+0800] {logging_mixin.py:190} WARNING - /home/rencongchia/Y3S2/BT4301/project/.venv/lib/python3.12/site-packages/urllib3/connectionpool.py:1097 InsecureRequestWarning: Unverified HTTPS request is being made to host 'www.instagram.com'. Adding certificate verification is strongly advised. See: https://urllib3.readthedocs.io/en/latest/advanced-usage.html#tls-warnings
[2025-04-13T22:31:06.818+0800] {public.py:177} INFO - [None] [201] GET https://www.instagram.com/explore/locations/1145542375512342/?__a=1&__d=dis
[2025-04-13T22:31:06.819+0800] {public.py:195} ERROR - Status 201: JSONDecodeError in public_request (url=https://www.instagram.com/explore/locations/1145542375512342/?__a=1&__d=dis) >>> 
[2025-04-13T22:31:13.392+0800] {logging_mixin.py:190} WARNING - /home/rencongchia/Y3S2/BT4301/project/.venv/lib/python3.12/site-packages/urllib3/connectionpool.py:1097 InsecureRequestWarning: Unverified HTTPS request is being made to host 'www.instagram.com'. Adding certificate verification is strongly advised. See: https://urllib3.readthedocs.io/en/latest/advanced-usage.html#tls-warnings
[2025-04-13T22:31:13.612+0800] {public.py:177} INFO - [None] [201] GET https://www.instagram.com/explore/locations/1145542375512342/?__a=1&__d=dis
[2025-04-13T22:31:13.613+0800] {public.py:195} ERROR - Status 201: JSONDecodeError in public_request (url=https://www.instagram.com/explore/locations/1145542375512342/?__a=1&__d=dis) >>> 
[2025-04-13T22:31:19.885+0800] {private.py:328} INFO - https://i.instagram.com/api/v1/locations/1145542375512342/sections/
[2025-04-13T22:31:19.887+0800] {logging_mixin.py:190} WARNING - /home/rencongchia/Y3S2/BT4301/project/.venv/lib/python3.12/site-packages/urllib3/connectionpool.py:1097 InsecureRequestWarning: Unverified HTTPS request is being made to host 'i.instagram.com'. Adding certificate verification is strongly advised. See: https://urllib3.readthedocs.io/en/latest/advanced-usage.html#tls-warnings
[2025-04-13T22:31:20.281+0800] {private.py:484} INFO - bt_grp_8_2025 [403] POST https://i.instagram.com/api/v1/locations/1145542375512342/sections/ (269.0.0.18.75, OnePlus 6T Dev)
[2025-04-13T22:31:20.282+0800] {logging_mixin.py:190} INFO - Error fetching location data for jakarta: login_required
[2025-04-13T22:31:20.282+0800] {instagram_crawler.py:183} WARNING - city: bandarseribegawan not found in geo json
[2025-04-13T22:31:20.308+0800] {instagram_crawler.py:359} INFO - added 0 new posts to city posts
[2025-04-13T22:31:24.424+0800] {private.py:328} INFO - https://i.instagram.com/api/v1/location_search/
[2025-04-13T22:31:24.427+0800] {logging_mixin.py:190} WARNING - /home/rencongchia/Y3S2/BT4301/project/.venv/lib/python3.12/site-packages/urllib3/connectionpool.py:1097 InsecureRequestWarning: Unverified HTTPS request is being made to host 'i.instagram.com'. Adding certificate verification is strongly advised. See: https://urllib3.readthedocs.io/en/latest/advanced-usage.html#tls-warnings
[2025-04-13T22:31:24.625+0800] {private.py:484} INFO - bt_grp_8_2025 [403] GET https://i.instagram.com/api/v1/location_search/?latitude=13.7563&longitude=100.5018 (269.0.0.18.75, OnePlus 6T Dev)
[2025-04-13T22:31:24.626+0800] {logging_mixin.py:190} INFO - Error fetching location data for bangkok: login_required
[2025-04-13T22:31:24.626+0800] {instagram_crawler.py:183} WARNING - city: phuket not found in geo json
[2025-04-13T22:31:24.648+0800] {instagram_crawler.py:359} INFO - added 0 new posts to city posts
[2025-04-13T22:31:24.648+0800] {instagram_crawler.py:183} WARNING - city: siemreap not found in geo json
[2025-04-13T22:31:24.668+0800] {instagram_crawler.py:359} INFO - added 0 new posts to city posts
[2025-04-13T22:31:24.668+0800] {instagram_crawler.py:183} WARNING - city: cebu not found in geo json
[2025-04-13T22:31:24.687+0800] {instagram_crawler.py:359} INFO - added 0 new posts to city posts
[2025-04-13T22:31:24.687+0800] {instagram_crawler.py:183} WARNING - city: davao not found in geo json
[2025-04-13T22:31:24.707+0800] {instagram_crawler.py:359} INFO - added 0 new posts to city posts
[2025-04-13T22:31:29.694+0800] {logging_mixin.py:190} WARNING - /home/rencongchia/Y3S2/BT4301/project/.venv/lib/python3.12/site-packages/urllib3/connectionpool.py:1097 InsecureRequestWarning: Unverified HTTPS request is being made to host 'www.instagram.com'. Adding certificate verification is strongly advised. See: https://urllib3.readthedocs.io/en/latest/advanced-usage.html#tls-warnings
[2025-04-13T22:31:29.898+0800] {public.py:177} INFO - [None] [201] GET https://www.instagram.com/explore/locations/105691611486845/?__a=1&__d=dis
[2025-04-13T22:31:29.898+0800] {public.py:195} ERROR - Status 201: JSONDecodeError in public_request (url=https://www.instagram.com/explore/locations/105691611486845/?__a=1&__d=dis) >>> 
[2025-04-13T22:31:35.532+0800] {logging_mixin.py:190} WARNING - /home/rencongchia/Y3S2/BT4301/project/.venv/lib/python3.12/site-packages/urllib3/connectionpool.py:1097 InsecureRequestWarning: Unverified HTTPS request is being made to host 'www.instagram.com'. Adding certificate verification is strongly advised. See: https://urllib3.readthedocs.io/en/latest/advanced-usage.html#tls-warnings
[2025-04-13T22:31:35.725+0800] {public.py:177} INFO - [None] [201] GET https://www.instagram.com/explore/locations/105691611486845/?__a=1&__d=dis
[2025-04-13T22:31:35.726+0800] {public.py:195} ERROR - Status 201: JSONDecodeError in public_request (url=https://www.instagram.com/explore/locations/105691611486845/?__a=1&__d=dis) >>> 
[2025-04-13T22:31:42.464+0800] {logging_mixin.py:190} WARNING - /home/rencongchia/Y3S2/BT4301/project/.venv/lib/python3.12/site-packages/urllib3/connectionpool.py:1097 InsecureRequestWarning: Unverified HTTPS request is being made to host 'www.instagram.com'. Adding certificate verification is strongly advised. See: https://urllib3.readthedocs.io/en/latest/advanced-usage.html#tls-warnings
[2025-04-13T22:31:42.680+0800] {public.py:177} INFO - [None] [201] GET https://www.instagram.com/explore/locations/105691611486845/?__a=1&__d=dis
[2025-04-13T22:31:42.680+0800] {public.py:195} ERROR - Status 201: JSONDecodeError in public_request (url=https://www.instagram.com/explore/locations/105691611486845/?__a=1&__d=dis) >>> 
[2025-04-13T22:31:45.994+0800] {private.py:328} INFO - https://i.instagram.com/api/v1/locations/105691611486845/sections/
[2025-04-13T22:31:45.997+0800] {logging_mixin.py:190} WARNING - /home/rencongchia/Y3S2/BT4301/project/.venv/lib/python3.12/site-packages/urllib3/connectionpool.py:1097 InsecureRequestWarning: Unverified HTTPS request is being made to host 'i.instagram.com'. Adding certificate verification is strongly advised. See: https://urllib3.readthedocs.io/en/latest/advanced-usage.html#tls-warnings
[2025-04-13T22:31:46.213+0800] {private.py:484} INFO - bt_grp_8_2025 [403] POST https://i.instagram.com/api/v1/locations/105691611486845/sections/ (269.0.0.18.75, OnePlus 6T Dev)
[2025-04-13T22:31:46.213+0800] {logging_mixin.py:190} INFO - Error fetching location data for manila: login_required
[2025-04-13T22:31:52.530+0800] {private.py:328} INFO - https://i.instagram.com/api/v1/location_search/
[2025-04-13T22:31:52.531+0800] {logging_mixin.py:190} WARNING - /home/rencongchia/Y3S2/BT4301/project/.venv/lib/python3.12/site-packages/urllib3/connectionpool.py:1097 InsecureRequestWarning: Unverified HTTPS request is being made to host 'i.instagram.com'. Adding certificate verification is strongly advised. See: https://urllib3.readthedocs.io/en/latest/advanced-usage.html#tls-warnings
[2025-04-13T22:31:52.739+0800] {private.py:484} INFO - bt_grp_8_2025 [403] GET https://i.instagram.com/api/v1/location_search/?latitude=21.0285&longitude=105.8542 (269.0.0.18.75, OnePlus 6T Dev)
[2025-04-13T22:31:52.740+0800] {logging_mixin.py:190} INFO - Error fetching location data for hanoi: login_required
[2025-04-13T22:31:52.740+0800] {instagram_crawler.py:183} WARNING - city: hochiminh not found in geo json
[2025-04-13T22:31:52.770+0800] {instagram_crawler.py:359} INFO - added 0 new posts to city posts
[2025-04-13T22:31:52.770+0800] {instagram_crawler.py:183} WARNING - city: kualalumpur not found in geo json
[2025-04-13T22:31:52.806+0800] {instagram_crawler.py:359} INFO - added 0 new posts to city posts
[2025-04-13T22:31:52.807+0800] {instagram_crawler.py:183} WARNING - city: johorbahru not found in geo json
[2025-04-13T22:31:52.840+0800] {instagram_crawler.py:359} INFO - added 0 new posts to city posts
[2025-04-13T22:31:52.840+0800] {instagram_crawler.py:183} WARNING - city: ipoh not found in geo json
[2025-04-13T22:31:52.878+0800] {instagram_crawler.py:359} INFO - added 0 new posts to city posts
[2025-04-13T22:31:52.879+0800] {instagram_crawler.py:183} WARNING - city: malacca not found in geo json
[2025-04-13T22:31:52.910+0800] {instagram_crawler.py:359} INFO - added 0 new posts to city posts
[2025-04-13T22:31:52.911+0800] {instagram_crawler.py:183} WARNING - city: luangprabang not found in geo json
[2025-04-13T22:31:52.946+0800] {instagram_crawler.py:359} INFO - added 0 new posts to city posts
[2025-04-13T22:31:56.414+0800] {private.py:328} INFO - https://i.instagram.com/api/v1/location_search/
[2025-04-13T22:31:56.419+0800] {logging_mixin.py:190} WARNING - /home/rencongchia/Y3S2/BT4301/project/.venv/lib/python3.12/site-packages/urllib3/connectionpool.py:1097 InsecureRequestWarning: Unverified HTTPS request is being made to host 'i.instagram.com'. Adding certificate verification is strongly advised. See: https://urllib3.readthedocs.io/en/latest/advanced-usage.html#tls-warnings
[2025-04-13T22:31:56.647+0800] {private.py:484} INFO - bt_grp_8_2025 [403] GET https://i.instagram.com/api/v1/location_search/?latitude=17.9757&longitude=102.6331 (269.0.0.18.75, OnePlus 6T Dev)
[2025-04-13T22:31:56.647+0800] {logging_mixin.py:190} INFO - Error fetching location data for vientiane: login_required
[2025-04-13T22:31:56.648+0800] {instagram_crawler.py:183} WARNING - city: mandalay not found in geo json
[2025-04-13T22:31:56.679+0800] {instagram_crawler.py:359} INFO - added 0 new posts to city posts
[2025-04-13T22:32:00.012+0800] {private.py:328} INFO - https://i.instagram.com/api/v1/location_search/
[2025-04-13T22:32:00.016+0800] {logging_mixin.py:190} WARNING - /home/rencongchia/Y3S2/BT4301/project/.venv/lib/python3.12/site-packages/urllib3/connectionpool.py:1097 InsecureRequestWarning: Unverified HTTPS request is being made to host 'i.instagram.com'. Adding certificate verification is strongly advised. See: https://urllib3.readthedocs.io/en/latest/advanced-usage.html#tls-warnings
[2025-04-13T22:32:00.252+0800] {private.py:484} INFO - bt_grp_8_2025 [403] GET https://i.instagram.com/api/v1/location_search/?latitude=16.8409&longitude=96.1735 (269.0.0.18.75, OnePlus 6T Dev)
[2025-04-13T22:32:00.253+0800] {logging_mixin.py:190} INFO - Error fetching location data for yangon: login_required
[2025-04-13T22:32:04.793+0800] {logging_mixin.py:190} WARNING - /home/rencongchia/Y3S2/BT4301/project/.venv/lib/python3.12/site-packages/urllib3/connectionpool.py:1097 InsecureRequestWarning: Unverified HTTPS request is being made to host 'www.instagram.com'. Adding certificate verification is strongly advised. See: https://urllib3.readthedocs.io/en/latest/advanced-usage.html#tls-warnings
[2025-04-13T22:32:04.987+0800] {public.py:177} INFO - [None] [201] GET https://www.instagram.com/explore/locations/58112788361/?__a=1&__d=dis
[2025-04-13T22:32:04.987+0800] {public.py:195} ERROR - Status 201: JSONDecodeError in public_request (url=https://www.instagram.com/explore/locations/58112788361/?__a=1&__d=dis) >>> 
[2025-04-13T22:32:10.132+0800] {logging_mixin.py:190} WARNING - /home/rencongchia/Y3S2/BT4301/project/.venv/lib/python3.12/site-packages/urllib3/connectionpool.py:1097 InsecureRequestWarning: Unverified HTTPS request is being made to host 'www.instagram.com'. Adding certificate verification is strongly advised. See: https://urllib3.readthedocs.io/en/latest/advanced-usage.html#tls-warnings
[2025-04-13T22:32:10.715+0800] {public.py:177} INFO - [None] [201] GET https://www.instagram.com/explore/locations/58112788361/?__a=1&__d=dis
[2025-04-13T22:32:10.715+0800] {public.py:195} ERROR - Status 201: JSONDecodeError in public_request (url=https://www.instagram.com/explore/locations/58112788361/?__a=1&__d=dis) >>> 
[2025-04-13T22:32:16.227+0800] {logging_mixin.py:190} WARNING - /home/rencongchia/Y3S2/BT4301/project/.venv/lib/python3.12/site-packages/urllib3/connectionpool.py:1097 InsecureRequestWarning: Unverified HTTPS request is being made to host 'www.instagram.com'. Adding certificate verification is strongly advised. See: https://urllib3.readthedocs.io/en/latest/advanced-usage.html#tls-warnings
[2025-04-13T22:32:16.436+0800] {public.py:177} INFO - [None] [201] GET https://www.instagram.com/explore/locations/58112788361/?__a=1&__d=dis
[2025-04-13T22:32:16.437+0800] {public.py:195} ERROR - Status 201: JSONDecodeError in public_request (url=https://www.instagram.com/explore/locations/58112788361/?__a=1&__d=dis) >>> 
[2025-04-13T22:32:20.209+0800] {private.py:328} INFO - https://i.instagram.com/api/v1/locations/58112788361/sections/
[2025-04-13T22:32:20.212+0800] {logging_mixin.py:190} WARNING - /home/rencongchia/Y3S2/BT4301/project/.venv/lib/python3.12/site-packages/urllib3/connectionpool.py:1097 InsecureRequestWarning: Unverified HTTPS request is being made to host 'i.instagram.com'. Adding certificate verification is strongly advised. See: https://urllib3.readthedocs.io/en/latest/advanced-usage.html#tls-warnings
[2025-04-13T22:32:20.432+0800] {private.py:484} INFO - bt_grp_8_2025 [403] POST https://i.instagram.com/api/v1/locations/58112788361/sections/ (269.0.0.18.75, OnePlus 6T Dev)
[2025-04-13T22:32:20.433+0800] {logging_mixin.py:190} INFO - Error fetching location data for singapore: login_required
[2025-04-13T22:32:20.449+0800] {logging_mixin.py:190} INFO - Extracted 1915 posts from 25 cities
[2025-04-13T22:32:20.458+0800] {python.py:240} INFO - Done. Returned value was: ('success', 1915)
[2025-04-13T22:32:20.487+0800] {taskinstance.py:341} INFO - ::group::Post task execution logs
[2025-04-13T22:32:20.487+0800] {taskinstance.py:353} INFO - Marking task as SUCCESS. dag_id=instagram_etl_pipeline, task_id=extract_instagram_data, run_id=manual__2025-04-13T14:21:27.579541+00:00, execution_date=20250413T142127, start_date=20250413T142637, end_date=20250413T143220
[2025-04-13T22:32:20.509+0800] {logging_mixin.py:190} INFO - Task instance in success state
[2025-04-13T22:32:20.510+0800] {logging_mixin.py:190} INFO -  Previous state of the Task instance: running
[2025-04-13T22:32:20.510+0800] {logging_mixin.py:190} INFO - Dag name:instagram_etl_pipeline queued_at:2025-04-13 14:21:27.601725+00:00
[2025-04-13T22:32:20.510+0800] {logging_mixin.py:190} INFO - Task hostname:Conglaptop. operator:PythonOperator
[2025-04-13T22:32:20.538+0800] {local_task_job_runner.py:266} INFO - Task exited with return code 0
[2025-04-13T22:32:20.559+0800] {taskinstance.py:3901} INFO - 1 downstream tasks scheduled from follow-on schedule check
[2025-04-13T22:32:20.566+0800] {local_task_job_runner.py:245} INFO - ::endgroup::
