[2025-04-13T22:17:19.282+0800] {local_task_job_runner.py:123} INFO - ::group::Pre task execution logs
[2025-04-13T22:17:19.291+0800] {taskinstance.py:2614} INFO - Dependencies all met for dep_context=non-requeueable deps ti=<TaskInstance: google_trends_etl_pipeline.load_to_mongodb manual__2025-04-13T13:49:32.543362+00:00 [queued]>
[2025-04-13T22:17:19.294+0800] {taskinstance.py:2614} INFO - Dependencies all met for dep_context=requeueable deps ti=<TaskInstance: google_trends_etl_pipeline.load_to_mongodb manual__2025-04-13T13:49:32.543362+00:00 [queued]>
[2025-04-13T22:17:19.294+0800] {taskinstance.py:2867} INFO - Starting attempt 1 of 2
[2025-04-13T22:17:19.306+0800] {taskinstance.py:2890} INFO - Executing <Task(PythonOperator): load_to_mongodb> on 2025-04-13 13:49:32.543362+00:00
[2025-04-13T22:17:19.309+0800] {standard_task_runner.py:72} INFO - Started process 66887 to run task
[2025-04-13T22:17:19.311+0800] {standard_task_runner.py:104} INFO - Running: ['airflow', 'tasks', 'run', 'google_trends_etl_pipeline', 'load_to_mongodb', 'manual__2025-04-13T13:49:32.543362+00:00', '--job-id', '18', '--raw', '--subdir', 'DAGS_FOLDER/google_trends_dag.py', '--cfg-path', '/tmp/tmpr02cgfcz']
[2025-04-13T22:17:19.312+0800] {standard_task_runner.py:105} INFO - Job 18: Subtask load_to_mongodb
[2025-04-13T22:17:19.343+0800] {task_command.py:467} INFO - Running <TaskInstance: google_trends_etl_pipeline.load_to_mongodb manual__2025-04-13T13:49:32.543362+00:00 [running]> on host Conglaptop.
[2025-04-13T22:17:19.386+0800] {taskinstance.py:3134} INFO - Exporting env vars: AIRFLOW_CTX_DAG_OWNER='airflow' AIRFLOW_CTX_DAG_ID='google_trends_etl_pipeline' AIRFLOW_CTX_TASK_ID='load_to_mongodb' AIRFLOW_CTX_EXECUTION_DATE='2025-04-13T13:49:32.543362+00:00' AIRFLOW_CTX_TRY_NUMBER='1' AIRFLOW_CTX_DAG_RUN_ID='manual__2025-04-13T13:49:32.543362+00:00'
[2025-04-13T22:17:19.387+0800] {logging_mixin.py:190} INFO - Task instance is in running state
[2025-04-13T22:17:19.387+0800] {logging_mixin.py:190} INFO -  Previous state of the Task instance: queued
[2025-04-13T22:17:19.387+0800] {logging_mixin.py:190} INFO - Current task name:load_to_mongodb state:running start_date:2025-04-13 14:17:19.291559+00:00
[2025-04-13T22:17:19.387+0800] {logging_mixin.py:190} INFO - Dag name:google_trends_etl_pipeline and current dag run status:running
[2025-04-13T22:17:19.388+0800] {taskinstance.py:732} INFO - ::endgroup::
[2025-04-13T22:17:22.831+0800] {python.py:240} INFO - Done. Returned value was: Processed 5 Google Trends records. Inserted 5 new records, updated 0 existing records.
[2025-04-13T22:17:22.847+0800] {taskinstance.py:341} INFO - ::group::Post task execution logs
[2025-04-13T22:17:22.847+0800] {taskinstance.py:353} INFO - Marking task as SUCCESS. dag_id=google_trends_etl_pipeline, task_id=load_to_mongodb, run_id=manual__2025-04-13T13:49:32.543362+00:00, execution_date=20250413T134932, start_date=20250413T141719, end_date=20250413T141722
[2025-04-13T22:17:22.864+0800] {logging_mixin.py:190} INFO - Task instance in success state
[2025-04-13T22:17:22.865+0800] {logging_mixin.py:190} INFO -  Previous state of the Task instance: running
[2025-04-13T22:17:22.865+0800] {logging_mixin.py:190} INFO - Dag name:google_trends_etl_pipeline queued_at:2025-04-13 13:49:32.564021+00:00
[2025-04-13T22:17:22.865+0800] {logging_mixin.py:190} INFO - Task hostname:Conglaptop. operator:PythonOperator
[2025-04-13T22:17:22.898+0800] {local_task_job_runner.py:266} INFO - Task exited with return code 0
[2025-04-13T22:17:22.904+0800] {taskinstance.py:3901} INFO - 0 downstream tasks scheduled from follow-on schedule check
[2025-04-13T22:17:22.905+0800] {local_task_job_runner.py:245} INFO - ::endgroup::
