[2025-04-13T23:19:50.886+0800] {local_task_job_runner.py:123} INFO - ::group::Pre task execution logs
[2025-04-13T23:19:50.893+0800] {taskinstance.py:2614} INFO - Dependencies all met for dep_context=non-requeueable deps ti=<TaskInstance: visitor_labels_etl_pipeline.load_to_mongodb manual__2025-04-13T15:19:42.944472+00:00 [queued]>
[2025-04-13T23:19:50.896+0800] {taskinstance.py:2614} INFO - Dependencies all met for dep_context=requeueable deps ti=<TaskInstance: visitor_labels_etl_pipeline.load_to_mongodb manual__2025-04-13T15:19:42.944472+00:00 [queued]>
[2025-04-13T23:19:50.897+0800] {taskinstance.py:2867} INFO - Starting attempt 1 of 2
[2025-04-13T23:19:50.908+0800] {taskinstance.py:2890} INFO - Executing <Task(PythonOperator): load_to_mongodb> on 2025-04-13 15:19:42.944472+00:00
[2025-04-13T23:19:50.911+0800] {standard_task_runner.py:72} INFO - Started process 84705 to run task
[2025-04-13T23:19:50.914+0800] {standard_task_runner.py:104} INFO - Running: ['airflow', 'tasks', 'run', 'visitor_labels_etl_pipeline', 'load_to_mongodb', 'manual__2025-04-13T15:19:42.944472+00:00', '--job-id', '27', '--raw', '--subdir', 'DAGS_FOLDER/labels_dag.py', '--cfg-path', '/tmp/tmpy7lw6jpc']
[2025-04-13T23:19:50.915+0800] {standard_task_runner.py:105} INFO - Job 27: Subtask load_to_mongodb
[2025-04-13T23:19:50.941+0800] {task_command.py:467} INFO - Running <TaskInstance: visitor_labels_etl_pipeline.load_to_mongodb manual__2025-04-13T15:19:42.944472+00:00 [running]> on host Conglaptop.
[2025-04-13T23:19:50.986+0800] {taskinstance.py:3134} INFO - Exporting env vars: AIRFLOW_CTX_DAG_OWNER='airflow' AIRFLOW_CTX_DAG_ID='visitor_labels_etl_pipeline' AIRFLOW_CTX_TASK_ID='load_to_mongodb' AIRFLOW_CTX_EXECUTION_DATE='2025-04-13T15:19:42.944472+00:00' AIRFLOW_CTX_TRY_NUMBER='1' AIRFLOW_CTX_DAG_RUN_ID='manual__2025-04-13T15:19:42.944472+00:00'
[2025-04-13T23:19:50.987+0800] {logging_mixin.py:190} INFO - Task instance is in running state
[2025-04-13T23:19:50.987+0800] {logging_mixin.py:190} INFO -  Previous state of the Task instance: queued
[2025-04-13T23:19:50.988+0800] {logging_mixin.py:190} INFO - Current task name:load_to_mongodb state:running start_date:2025-04-13 15:19:50.893799+00:00
[2025-04-13T23:19:50.988+0800] {logging_mixin.py:190} INFO - Dag name:visitor_labels_etl_pipeline and current dag run status:running
[2025-04-13T23:19:50.988+0800] {taskinstance.py:732} INFO - ::endgroup::
[2025-04-13T23:19:50.991+0800] {logging_mixin.py:190} INFO - Loading 0 visitor records to MongoDB
[2025-04-13T23:19:50.991+0800] {logging_mixin.py:190} INFO - No visitor data to load. Skipping MongoDB operations.
[2025-04-13T23:19:50.991+0800] {python.py:240} INFO - Done. Returned value was: No data to load
[2025-04-13T23:19:51.005+0800] {taskinstance.py:341} INFO - ::group::Post task execution logs
[2025-04-13T23:19:51.005+0800] {taskinstance.py:353} INFO - Marking task as SUCCESS. dag_id=visitor_labels_etl_pipeline, task_id=load_to_mongodb, run_id=manual__2025-04-13T15:19:42.944472+00:00, execution_date=20250413T151942, start_date=20250413T151950, end_date=20250413T151951
[2025-04-13T23:19:51.027+0800] {logging_mixin.py:190} INFO - Task instance in success state
[2025-04-13T23:19:51.027+0800] {logging_mixin.py:190} INFO -  Previous state of the Task instance: running
[2025-04-13T23:19:51.027+0800] {logging_mixin.py:190} INFO - Dag name:visitor_labels_etl_pipeline queued_at:2025-04-13 15:19:42.971935+00:00
[2025-04-13T23:19:51.027+0800] {logging_mixin.py:190} INFO - Task hostname:Conglaptop. operator:PythonOperator
[2025-04-13T23:19:51.047+0800] {local_task_job_runner.py:266} INFO - Task exited with return code 0
[2025-04-13T23:19:51.052+0800] {taskinstance.py:3901} INFO - 0 downstream tasks scheduled from follow-on schedule check
[2025-04-13T23:19:51.053+0800] {local_task_job_runner.py:245} INFO - ::endgroup::
