[2025-04-13T23:36:11.805+0800] {local_task_job_runner.py:123} INFO - ::group::Pre task execution logs
[2025-04-13T23:36:11.815+0800] {taskinstance.py:2614} INFO - Dependencies all met for dep_context=non-requeueable deps ti=<TaskInstance: visitor_labels_etl_pipeline.load_to_mongodb manual__2025-04-13T15:23:24.701879+00:00 [queued]>
[2025-04-13T23:36:11.820+0800] {taskinstance.py:2614} INFO - Dependencies all met for dep_context=requeueable deps ti=<TaskInstance: visitor_labels_etl_pipeline.load_to_mongodb manual__2025-04-13T15:23:24.701879+00:00 [queued]>
[2025-04-13T23:36:11.820+0800] {taskinstance.py:2867} INFO - Starting attempt 2 of 2
[2025-04-13T23:36:11.833+0800] {taskinstance.py:2890} INFO - Executing <Task(PythonOperator): load_to_mongodb> on 2025-04-13 15:23:24.701879+00:00
[2025-04-13T23:36:11.839+0800] {standard_task_runner.py:72} INFO - Started process 91637 to run task
[2025-04-13T23:36:11.841+0800] {standard_task_runner.py:104} INFO - Running: ['airflow', 'tasks', 'run', 'visitor_labels_etl_pipeline', 'load_to_mongodb', 'manual__2025-04-13T15:23:24.701879+00:00', '--job-id', '54', '--raw', '--subdir', 'DAGS_FOLDER/labels_dag.py', '--cfg-path', '/tmp/tmpwv4r_xo1']
[2025-04-13T23:36:11.842+0800] {standard_task_runner.py:105} INFO - Job 54: Subtask load_to_mongodb
[2025-04-13T23:36:11.877+0800] {task_command.py:467} INFO - Running <TaskInstance: visitor_labels_etl_pipeline.load_to_mongodb manual__2025-04-13T15:23:24.701879+00:00 [running]> on host Conglaptop.
[2025-04-13T23:36:11.928+0800] {taskinstance.py:3134} INFO - Exporting env vars: AIRFLOW_CTX_DAG_OWNER='airflow' AIRFLOW_CTX_DAG_ID='visitor_labels_etl_pipeline' AIRFLOW_CTX_TASK_ID='load_to_mongodb' AIRFLOW_CTX_EXECUTION_DATE='2025-04-13T15:23:24.701879+00:00' AIRFLOW_CTX_TRY_NUMBER='2' AIRFLOW_CTX_DAG_RUN_ID='manual__2025-04-13T15:23:24.701879+00:00'
[2025-04-13T23:36:11.929+0800] {logging_mixin.py:190} INFO - Task instance is in running state
[2025-04-13T23:36:11.929+0800] {logging_mixin.py:190} INFO -  Previous state of the Task instance: queued
[2025-04-13T23:36:11.929+0800] {logging_mixin.py:190} INFO - Current task name:load_to_mongodb state:running start_date:2025-04-13 15:36:11.815686+00:00
[2025-04-13T23:36:11.929+0800] {logging_mixin.py:190} INFO - Dag name:visitor_labels_etl_pipeline and current dag run status:running
[2025-04-13T23:36:11.930+0800] {taskinstance.py:732} INFO - ::endgroup::
[2025-04-13T23:36:11.935+0800] {logging_mixin.py:190} INFO - Loading 406 visitor records to MongoDB
[2025-04-13T23:36:12.197+0800] {logging_mixin.py:190} INFO - Processing visitor data for period: 2022-01
[2025-04-13T23:37:29.562+0800] {logging_mixin.py:190} INFO - MongoDB loading completed. Inserted: 34, Updated: 37
[2025-04-13T23:37:29.562+0800] {logging_mixin.py:190} INFO - Verification: Collection now contains 8 records for 2022-01
[2025-04-13T23:37:29.563+0800] {python.py:240} INFO - Done. Returned value was: Inserted: 34, Updated: 37, Verified: 8
[2025-04-13T23:37:29.581+0800] {taskinstance.py:341} INFO - ::group::Post task execution logs
[2025-04-13T23:37:29.581+0800] {taskinstance.py:353} INFO - Marking task as SUCCESS. dag_id=visitor_labels_etl_pipeline, task_id=load_to_mongodb, run_id=manual__2025-04-13T15:23:24.701879+00:00, execution_date=20250413T152324, start_date=20250413T153611, end_date=20250413T153729
[2025-04-13T23:37:29.601+0800] {logging_mixin.py:190} INFO - Task instance in success state
[2025-04-13T23:37:29.601+0800] {logging_mixin.py:190} INFO -  Previous state of the Task instance: running
[2025-04-13T23:37:29.601+0800] {logging_mixin.py:190} INFO - Dag name:visitor_labels_etl_pipeline queued_at:2025-04-13 15:23:24.713188+00:00
[2025-04-13T23:37:29.602+0800] {logging_mixin.py:190} INFO - Task hostname:Conglaptop. operator:PythonOperator
[2025-04-13T23:37:29.621+0800] {local_task_job_runner.py:266} INFO - Task exited with return code 0
[2025-04-13T23:37:29.629+0800] {taskinstance.py:3901} INFO - 0 downstream tasks scheduled from follow-on schedule check
[2025-04-13T23:37:29.629+0800] {local_task_job_runner.py:245} INFO - ::endgroup::
