[2025-04-13T22:17:11.045+0800] {local_task_job_runner.py:123} INFO - ::group::Pre task execution logs
[2025-04-13T22:17:11.054+0800] {taskinstance.py:2614} INFO - Dependencies all met for dep_context=non-requeueable deps ti=<TaskInstance: google_trends_etl_pipeline.transform_google_trends_data manual__2025-04-13T13:49:32.543362+00:00 [queued]>
[2025-04-13T22:17:11.058+0800] {taskinstance.py:2614} INFO - Dependencies all met for dep_context=requeueable deps ti=<TaskInstance: google_trends_etl_pipeline.transform_google_trends_data manual__2025-04-13T13:49:32.543362+00:00 [queued]>
[2025-04-13T22:17:11.059+0800] {taskinstance.py:2867} INFO - Starting attempt 1 of 2
[2025-04-13T22:17:11.070+0800] {taskinstance.py:2890} INFO - Executing <Task(PythonOperator): transform_google_trends_data> on 2025-04-13 13:49:32.543362+00:00
[2025-04-13T22:17:11.074+0800] {standard_task_runner.py:72} INFO - Started process 66779 to run task
[2025-04-13T22:17:11.077+0800] {standard_task_runner.py:104} INFO - Running: ['airflow', 'tasks', 'run', 'google_trends_etl_pipeline', 'transform_google_trends_data', 'manual__2025-04-13T13:49:32.543362+00:00', '--job-id', '16', '--raw', '--subdir', 'DAGS_FOLDER/google_trends_dag.py', '--cfg-path', '/tmp/tmpigzovhdl']
[2025-04-13T22:17:11.078+0800] {standard_task_runner.py:105} INFO - Job 16: Subtask transform_google_trends_data
[2025-04-13T22:17:11.107+0800] {task_command.py:467} INFO - Running <TaskInstance: google_trends_etl_pipeline.transform_google_trends_data manual__2025-04-13T13:49:32.543362+00:00 [running]> on host Conglaptop.
[2025-04-13T22:17:11.152+0800] {taskinstance.py:3134} INFO - Exporting env vars: AIRFLOW_CTX_DAG_OWNER='airflow' AIRFLOW_CTX_DAG_ID='google_trends_etl_pipeline' AIRFLOW_CTX_TASK_ID='transform_google_trends_data' AIRFLOW_CTX_EXECUTION_DATE='2025-04-13T13:49:32.543362+00:00' AIRFLOW_CTX_TRY_NUMBER='1' AIRFLOW_CTX_DAG_RUN_ID='manual__2025-04-13T13:49:32.543362+00:00'
[2025-04-13T22:17:11.153+0800] {logging_mixin.py:190} INFO - Task instance is in running state
[2025-04-13T22:17:11.153+0800] {logging_mixin.py:190} INFO -  Previous state of the Task instance: queued
[2025-04-13T22:17:11.154+0800] {logging_mixin.py:190} INFO - Current task name:transform_google_trends_data state:running start_date:2025-04-13 14:17:11.054536+00:00
[2025-04-13T22:17:11.154+0800] {logging_mixin.py:190} INFO - Dag name:google_trends_etl_pipeline and current dag run status:running
[2025-04-13T22:17:11.154+0800] {taskinstance.py:732} INFO - ::endgroup::
[2025-04-13T22:17:11.157+0800] {python.py:240} INFO - Done. Returned value was: [{"YearMonth": "2025-03", "Country": "Indonesia", "Value": 23.999999999999996}, {"YearMonth": "2025-03", "Country": "Malaysia", "Value": 38.0}, {"YearMonth": "2025-03", "Country": "Singapore", "Value": 87.0}, {"YearMonth": "2025-03", "Country": "Thailand", "Value": 55.0}, {"YearMonth": "2025-03", "Country": "Vietnam", "Value": 36.0}]
[2025-04-13T22:17:11.172+0800] {taskinstance.py:341} INFO - ::group::Post task execution logs
[2025-04-13T22:17:11.172+0800] {taskinstance.py:353} INFO - Marking task as SUCCESS. dag_id=google_trends_etl_pipeline, task_id=transform_google_trends_data, run_id=manual__2025-04-13T13:49:32.543362+00:00, execution_date=20250413T134932, start_date=20250413T141711, end_date=20250413T141711
[2025-04-13T22:17:11.192+0800] {logging_mixin.py:190} INFO - Task instance in success state
[2025-04-13T22:17:11.192+0800] {logging_mixin.py:190} INFO -  Previous state of the Task instance: running
[2025-04-13T22:17:11.192+0800] {logging_mixin.py:190} INFO - Dag name:google_trends_etl_pipeline queued_at:2025-04-13 13:49:32.564021+00:00
[2025-04-13T22:17:11.192+0800] {logging_mixin.py:190} INFO - Task hostname:Conglaptop. operator:PythonOperator
[2025-04-13T22:17:11.211+0800] {local_task_job_runner.py:266} INFO - Task exited with return code 0
[2025-04-13T22:17:11.222+0800] {taskinstance.py:3901} INFO - 1 downstream tasks scheduled from follow-on schedule check
[2025-04-13T22:17:11.229+0800] {local_task_job_runner.py:245} INFO - ::endgroup::
