[2025-04-13T23:31:52.589+0800] {local_task_job_runner.py:123} INFO - ::group::Pre task execution logs
[2025-04-13T23:31:52.598+0800] {taskinstance.py:2614} INFO - Dependencies all met for dep_context=non-requeueable deps ti=<TaskInstance: visitor_labels_etl_pipeline.load_to_mongodb manual__2025-04-13T15:31:44.709326+00:00 [queued]>
[2025-04-13T23:31:52.603+0800] {taskinstance.py:2614} INFO - Dependencies all met for dep_context=requeueable deps ti=<TaskInstance: visitor_labels_etl_pipeline.load_to_mongodb manual__2025-04-13T15:31:44.709326+00:00 [queued]>
[2025-04-13T23:31:52.603+0800] {taskinstance.py:2867} INFO - Starting attempt 1 of 2
[2025-04-13T23:31:52.619+0800] {taskinstance.py:2890} INFO - Executing <Task(PythonOperator): load_to_mongodb> on 2025-04-13 15:31:44.709326+00:00
[2025-04-13T23:31:52.622+0800] {standard_task_runner.py:72} INFO - Started process 89658 to run task
[2025-04-13T23:31:52.624+0800] {standard_task_runner.py:104} INFO - Running: ['airflow', 'tasks', 'run', 'visitor_labels_etl_pipeline', 'load_to_mongodb', 'manual__2025-04-13T15:31:44.709326+00:00', '--job-id', '45', '--raw', '--subdir', 'DAGS_FOLDER/labels_dag.py', '--cfg-path', '/tmp/tmpn8tct1dj']
[2025-04-13T23:31:52.625+0800] {standard_task_runner.py:105} INFO - Job 45: Subtask load_to_mongodb
[2025-04-13T23:31:52.668+0800] {task_command.py:467} INFO - Running <TaskInstance: visitor_labels_etl_pipeline.load_to_mongodb manual__2025-04-13T15:31:44.709326+00:00 [running]> on host Conglaptop.
[2025-04-13T23:31:52.721+0800] {taskinstance.py:3134} INFO - Exporting env vars: AIRFLOW_CTX_DAG_OWNER='airflow' AIRFLOW_CTX_DAG_ID='visitor_labels_etl_pipeline' AIRFLOW_CTX_TASK_ID='load_to_mongodb' AIRFLOW_CTX_EXECUTION_DATE='2025-04-13T15:31:44.709326+00:00' AIRFLOW_CTX_TRY_NUMBER='1' AIRFLOW_CTX_DAG_RUN_ID='manual__2025-04-13T15:31:44.709326+00:00'
[2025-04-13T23:31:52.722+0800] {logging_mixin.py:190} INFO - Task instance is in running state
[2025-04-13T23:31:52.722+0800] {logging_mixin.py:190} INFO -  Previous state of the Task instance: queued
[2025-04-13T23:31:52.722+0800] {logging_mixin.py:190} INFO - Current task name:load_to_mongodb state:running start_date:2025-04-13 15:31:52.599171+00:00
[2025-04-13T23:31:52.722+0800] {logging_mixin.py:190} INFO - Dag name:visitor_labels_etl_pipeline and current dag run status:running
[2025-04-13T23:31:52.723+0800] {taskinstance.py:732} INFO - ::endgroup::
[2025-04-13T23:31:52.726+0800] {logging_mixin.py:190} INFO - Loading 10 visitor records to MongoDB
[2025-04-13T23:31:52.889+0800] {logging_mixin.py:190} INFO - Processing visitor data for period: 2025-03
[2025-04-13T23:31:58.023+0800] {logging_mixin.py:190} INFO - MongoDB loading completed. Inserted: 9, Updated: 0
[2025-04-13T23:31:58.023+0800] {logging_mixin.py:190} INFO - Verification: Collection now contains 10 records for 2025-03
[2025-04-13T23:31:58.024+0800] {python.py:240} INFO - Done. Returned value was: Inserted: 9, Updated: 0, Verified: 10
[2025-04-13T23:31:58.041+0800] {taskinstance.py:341} INFO - ::group::Post task execution logs
[2025-04-13T23:31:58.042+0800] {taskinstance.py:353} INFO - Marking task as SUCCESS. dag_id=visitor_labels_etl_pipeline, task_id=load_to_mongodb, run_id=manual__2025-04-13T15:31:44.709326+00:00, execution_date=20250413T153144, start_date=20250413T153152, end_date=20250413T153158
[2025-04-13T23:31:58.059+0800] {logging_mixin.py:190} INFO - Task instance in success state
[2025-04-13T23:31:58.059+0800] {logging_mixin.py:190} INFO -  Previous state of the Task instance: running
[2025-04-13T23:31:58.059+0800] {logging_mixin.py:190} INFO - Dag name:visitor_labels_etl_pipeline queued_at:2025-04-13 15:31:44.734594+00:00
[2025-04-13T23:31:58.060+0800] {logging_mixin.py:190} INFO - Task hostname:Conglaptop. operator:PythonOperator
[2025-04-13T23:31:58.096+0800] {local_task_job_runner.py:266} INFO - Task exited with return code 0
[2025-04-13T23:31:58.114+0800] {taskinstance.py:3901} INFO - 0 downstream tasks scheduled from follow-on schedule check
[2025-04-13T23:31:58.115+0800] {local_task_job_runner.py:245} INFO - ::endgroup::
