[2025-04-13T21:22:17.509+0800] {local_task_job_runner.py:123} INFO - ::group::Pre task execution logs
[2025-04-13T21:22:17.515+0800] {taskinstance.py:2614} INFO - Dependencies all met for dep_context=non-requeueable deps ti=<TaskInstance: reddit_etl_pipeline.extract_reddit_data scheduled__2025-04-03T00:00:00+00:00 [queued]>
[2025-04-13T21:22:17.518+0800] {taskinstance.py:2614} INFO - Dependencies all met for dep_context=requeueable deps ti=<TaskInstance: reddit_etl_pipeline.extract_reddit_data scheduled__2025-04-03T00:00:00+00:00 [queued]>
[2025-04-13T21:22:17.519+0800] {taskinstance.py:2867} INFO - Starting attempt 1 of 2
[2025-04-13T21:22:17.531+0800] {taskinstance.py:2890} INFO - Executing <Task(PythonOperator): extract_reddit_data> on 2025-04-03 00:00:00+00:00
[2025-04-13T21:22:17.534+0800] {standard_task_runner.py:72} INFO - Started process 53354 to run task
[2025-04-13T21:22:17.536+0800] {standard_task_runner.py:104} INFO - Running: ['airflow', 'tasks', 'run', 'reddit_etl_pipeline', 'extract_reddit_data', 'scheduled__2025-04-03T00:00:00+00:00', '--job-id', '7', '--raw', '--subdir', 'DAGS_FOLDER/reddit_dag.py', '--cfg-path', '/tmp/tmpvt11f6b8']
[2025-04-13T21:22:17.537+0800] {standard_task_runner.py:105} INFO - Job 7: Subtask extract_reddit_data
[2025-04-13T21:22:17.567+0800] {task_command.py:467} INFO - Running <TaskInstance: reddit_etl_pipeline.extract_reddit_data scheduled__2025-04-03T00:00:00+00:00 [running]> on host Conglaptop.
[2025-04-13T21:22:17.606+0800] {taskinstance.py:3134} INFO - Exporting env vars: AIRFLOW_CTX_DAG_OWNER='airflow' AIRFLOW_CTX_DAG_ID='reddit_etl_pipeline' AIRFLOW_CTX_TASK_ID='extract_reddit_data' AIRFLOW_CTX_EXECUTION_DATE='2025-04-03T00:00:00+00:00' AIRFLOW_CTX_TRY_NUMBER='1' AIRFLOW_CTX_DAG_RUN_ID='scheduled__2025-04-03T00:00:00+00:00'
[2025-04-13T21:22:17.607+0800] {logging_mixin.py:190} INFO - Task instance is in running state
[2025-04-13T21:22:17.607+0800] {logging_mixin.py:190} INFO -  Previous state of the Task instance: queued
[2025-04-13T21:22:17.607+0800] {logging_mixin.py:190} INFO - Current task name:extract_reddit_data state:running start_date:2025-04-13 13:22:17.516218+00:00
[2025-04-13T21:22:17.607+0800] {logging_mixin.py:190} INFO - Dag name:reddit_etl_pipeline and current dag run status:running
[2025-04-13T21:22:17.607+0800] {taskinstance.py:732} INFO - ::endgroup::
[2025-04-13T21:22:17.608+0800] {reddit_dag.py:54} INFO - Starting Reddit data extraction
[2025-04-13T21:22:19.310+0800] {reddit_crawler.py:274} INFO - Connected to Reddit as: Key-Locksmith6742
[2025-04-13T21:22:19.311+0800] {reddit_crawler.py:120} INFO - Scraping submissions from the past 7 days (since 2025-04-06)
[2025-04-13T21:22:19.312+0800] {reddit_crawler.py:127} INFO - Scraping subreddit: r/travel
[2025-04-13T21:40:59.411+0800] {reddit_crawler.py:227} INFO - Processed 157 submissions from r/travel. Found 36 relevant submissions.
[2025-04-13T21:40:59.412+0800] {reddit_crawler.py:239} INFO - Total submissions collected: 36
[2025-04-13T21:40:59.413+0800] {reddit_crawler.py:240} INFO - Total comments collected: 1424
[2025-04-13T21:40:59.467+0800] {reddit_dag.py:79} INFO - Extracted 36 submissions and 1424 comments
[2025-04-13T21:40:59.468+0800] {python.py:240} INFO - Done. Returned value was: (36, 1424)
[2025-04-13T21:40:59.483+0800] {taskinstance.py:341} INFO - ::group::Post task execution logs
[2025-04-13T21:40:59.483+0800] {taskinstance.py:353} INFO - Marking task as SUCCESS. dag_id=reddit_etl_pipeline, task_id=extract_reddit_data, run_id=scheduled__2025-04-03T00:00:00+00:00, execution_date=20250403T000000, start_date=20250413T132217, end_date=20250413T134059
[2025-04-13T21:40:59.502+0800] {logging_mixin.py:190} INFO - Task instance in success state
[2025-04-13T21:40:59.503+0800] {logging_mixin.py:190} INFO -  Previous state of the Task instance: running
[2025-04-13T21:40:59.503+0800] {logging_mixin.py:190} INFO - Dag name:reddit_etl_pipeline queued_at:2025-04-13 13:22:15.889254+00:00
[2025-04-13T21:40:59.503+0800] {logging_mixin.py:190} INFO - Task hostname:Conglaptop. operator:PythonOperator
[2025-04-13T21:40:59.541+0800] {local_task_job_runner.py:266} INFO - Task exited with return code 0
[2025-04-13T21:40:59.555+0800] {taskinstance.py:3901} INFO - 1 downstream tasks scheduled from follow-on schedule check
[2025-04-13T21:40:59.564+0800] {local_task_job_runner.py:245} INFO - ::endgroup::
